<?xml version="1.0" encoding="UTF-8"?>
<coverage generated="1789236821095" clover="3.2.0">
  <project timestamp="1789236821095" name="All files">
    <metrics statements="742" coveredstatements="719" conditionals="399" coveredconditionals="364" methods="139" coveredmethods="137" elements="1280" coveredelements="1220" complexity="0" loc="742" ncloc="742" packages="3" files="11" classes="11"/>
    <package name="lib">
      <metrics statements="163" coveredstatements="161" conditionals="102" coveredconditionals="97" methods="24" coveredmethods="24"/>
      <file name="GameState.ts" path="C:\Users\asvav\OneDrive\Documents\www\pachisi\src\lib\GameState.ts">
        <metrics statements="8" coveredstatements="8" conditionals="2" coveredconditionals="2" methods="1" coveredmethods="1"/>
        <line num="4" count="3" type="cond" truecount="2" falsecount="0"/>
        <line num="9" count="3" type="stmt"/>
        <line num="14" count="3" type="stmt"/>
        <line num="18" count="3" type="stmt"/>
        <line num="23" count="3" type="stmt"/>
        <line num="28" count="3" type="stmt"/>
        <line num="33" count="3" type="stmt"/>
        <line num="53" count="3" type="stmt"/>
      </file>
      <file name="ai.ts" path="C:\Users\asvav\OneDrive\Documents\www\pachisi\src\lib\ai.ts">
        <metrics statements="72" coveredstatements="70" conditionals="61" coveredconditionals="56" methods="11" coveredmethods="11"/>
        <line num="32" count="3" type="stmt"/>
        <line num="42" count="3" type="stmt"/>
        <line num="43" count="1043" type="cond" truecount="3" falsecount="0"/>
        <line num="48" count="3" type="stmt"/>
        <line num="49" count="2106" type="cond" truecount="2" falsecount="0"/>
        <line num="55" count="3" type="stmt"/>
        <line num="56" count="1043" type="cond" truecount="2" falsecount="0"/>
        <line num="57" count="39" type="stmt"/>
        <line num="59" count="1004" type="cond" truecount="1" falsecount="1"/>
        <line num="60" count="0" type="stmt"/>
        <line num="63" count="1004" type="stmt"/>
        <line num="64" count="1004" type="stmt"/>
        <line num="65" count="25278" type="stmt"/>
        <line num="66" count="1004" type="cond" truecount="1" falsecount="1"/>
        <line num="68" count="1004" type="stmt"/>
        <line num="69" count="1004" type="stmt"/>
        <line num="70" count="1004" type="stmt"/>
        <line num="78" count="3" type="stmt"/>
        <line num="80" count="1053" type="cond" truecount="4" falsecount="0"/>
        <line num="81" count="41" type="stmt"/>
        <line num="84" count="2006" type="cond" truecount="4" falsecount="0"/>
        <line num="85" count="18" type="stmt"/>
        <line num="88" count="994" type="cond" truecount="2" falsecount="0"/>
        <line num="89" count="168" type="stmt"/>
        <line num="92" count="826" type="stmt"/>
        <line num="93" count="826" type="stmt"/>
        <line num="94" count="826" type="stmt"/>
        <line num="95" count="826" type="stmt"/>
        <line num="97" count="826" type="stmt"/>
        <line num="98" count="8027" type="cond" truecount="4" falsecount="0"/>
        <line num="99" count="8026" type="stmt"/>
        <line num="100" count="8026" type="cond" truecount="1" falsecount="1"/>
        <line num="101" count="8026" type="cond" truecount="2" falsecount="0"/>
        <line num="103" count="7732" type="cond" truecount="2" falsecount="0"/>
        <line num="105" count="3538" type="stmt"/>
        <line num="106" count="118500" type="cond" truecount="3" falsecount="0"/>
        <line num="108" count="3538" type="cond" truecount="2" falsecount="0"/>
        <line num="109" count="44" type="stmt"/>
        <line num="111" count="3538" type="stmt"/>
        <line num="115" count="4194" type="cond" truecount="1" falsecount="1"/>
        <line num="116" count="4194" type="stmt"/>
        <line num="117" count="4194" type="stmt"/>
        <line num="118" count="4194" type="cond" truecount="4" falsecount="0"/>
        <line num="121" count="744" type="cond" truecount="2" falsecount="0"/>
        <line num="122" count="8027" type="stmt"/>
        <line num="125" count="826" type="stmt"/>
        <line num="131" count="3" type="stmt"/>
        <line num="132" count="1043" type="stmt"/>
        <line num="133" count="1043" type="stmt"/>
        <line num="135" count="1043" type="cond" truecount="2" falsecount="0"/>
        <line num="136" count="1043" type="stmt"/>
        <line num="137" count="1043" type="cond" truecount="4" falsecount="0"/>
        <line num="138" count="81" type="stmt"/>
        <line num="141" count="1043" type="stmt"/>
        <line num="142" count="1043" type="stmt"/>
        <line num="143" count="1043" type="stmt"/>
        <line num="145" count="1043" type="stmt"/>
        <line num="152" count="3" type="stmt"/>
        <line num="153" count="43" type="cond" truecount="2" falsecount="0"/>
        <line num="154" count="42" type="cond" truecount="1" falsecount="1"/>
        <line num="155" count="0" type="stmt"/>
        <line num="163" count="3" type="stmt"/>
        <line num="164" count="229" type="cond" truecount="2" falsecount="0"/>
        <line num="166" count="228" type="stmt"/>
        <line num="167" count="228" type="stmt"/>
        <line num="169" count="228" type="stmt"/>
        <line num="170" count="813" type="stmt"/>
        <line num="171" count="813" type="stmt"/>
        <line num="172" count="813" type="cond" truecount="5" falsecount="0"/>
        <line num="173" count="252" type="stmt"/>
        <line num="174" count="252" type="stmt"/>
        <line num="178" count="228" type="stmt"/>
      </file>
      <file name="board.ts" path="C:\Users\asvav\OneDrive\Documents\www\pachisi\src\lib\board.ts">
        <metrics statements="12" coveredstatements="12" conditionals="8" coveredconditionals="8" methods="2" coveredmethods="2"/>
        <line num="4" count="9" type="cond" truecount="2" falsecount="0"/>
        <line num="5" count="9" type="stmt"/>
        <line num="6" count="9" type="stmt"/>
        <line num="7" count="9" type="stmt"/>
        <line num="29" count="1756" type="stmt"/>
        <line num="33" count="1756" type="stmt"/>
        <line num="37" count="1756" type="stmt"/>
        <line num="41" count="1756" type="cond" truecount="2" falsecount="0"/>
        <line num="45" count="1756" type="cond" truecount="2" falsecount="0"/>
        <line num="49" count="1756" type="cond" truecount="2" falsecount="0"/>
        <line num="50" count="1756" type="stmt"/>
        <line num="51" count="17794" type="stmt"/>
      </file>
      <file name="cell.ts" path="C:\Users\asvav\OneDrive\Documents\www\pachisi\src\lib\cell.ts">
        <metrics statements="7" coveredstatements="7" conditionals="4" coveredconditionals="4" methods="1" coveredmethods="1"/>
        <line num="24" count="17794" type="stmt"/>
        <line num="28" count="17794" type="cond" truecount="2" falsecount="0"/>
        <line num="32" count="17794" type="stmt"/>
        <line num="36" count="17794" type="cond" truecount="2" falsecount="0"/>
        <line num="40" count="17794" type="stmt"/>
        <line num="41" count="17794" type="stmt"/>
        <line num="42" count="38725" type="stmt"/>
      </file>
      <file name="chip.ts" path="C:\Users\asvav\OneDrive\Documents\www\pachisi\src\lib\chip.ts">
        <metrics statements="25" coveredstatements="25" conditionals="11" coveredconditionals="11" methods="5" coveredmethods="5"/>
        <line num="5" count="7" type="stmt"/>
        <line num="21" count="3126" type="stmt"/>
        <line num="25" count="3126" type="stmt"/>
        <line num="26" count="3126" type="stmt"/>
        <line num="30" count="3126" type="stmt"/>
        <line num="34" count="3126" type="stmt"/>
        <line num="41" count="3126" type="stmt"/>
        <line num="43" count="457" type="cond" truecount="2" falsecount="0"/>
        <line num="44" count="1" type="stmt"/>
        <line num="49" count="520" type="stmt"/>
        <line num="50" count="456" type="cond" truecount="2" falsecount="0"/>
        <line num="51" count="4" type="stmt"/>
        <line num="52" count="4" type="stmt"/>
        <line num="56" count="567" type="stmt"/>
        <line num="57" count="452" type="cond" truecount="2" falsecount="0"/>
        <line num="58" count="449" type="stmt"/>
        <line num="60" count="3" type="stmt"/>
        <line num="61" count="9" type="stmt"/>
        <line num="62" count="9" type="cond" truecount="5" falsecount="0"/>
        <line num="63" count="1" type="stmt"/>
        <line num="64" count="1" type="stmt"/>
        <line num="69" count="452" type="stmt"/>
        <line num="70" count="452" type="stmt"/>
        <line num="71" count="452" type="stmt"/>
        <line num="79" count="116" type="stmt"/>
      </file>
      <file name="player.ts" path="C:\Users\asvav\OneDrive\Documents\www\pachisi\src\lib\player.ts">
        <metrics statements="39" coveredstatements="39" conditionals="16" coveredconditionals="16" methods="4" coveredmethods="4"/>
        <line num="7" count="7" type="cond" truecount="2" falsecount="0"/>
        <line num="8" count="7" type="stmt"/>
        <line num="9" count="7" type="stmt"/>
        <line num="10" count="7" type="stmt"/>
        <line num="11" count="7" type="stmt"/>
        <line num="28" count="775" type="stmt"/>
        <line num="33" count="775" type="stmt"/>
        <line num="44" count="775" type="stmt"/>
        <line num="48" count="775" type="stmt"/>
        <line num="52" count="775" type="stmt"/>
        <line num="56" count="775" type="stmt"/>
        <line num="60" count="775" type="stmt"/>
        <line num="64" count="775" type="stmt"/>
        <line num="65" count="775" type="stmt"/>
        <line num="70" count="775" type="stmt"/>
        <line num="85" count="6" type="stmt"/>
        <line num="86" count="6" type="stmt"/>
        <line num="88" count="6" type="stmt"/>
        <line num="89" count="24" type="cond" truecount="2" falsecount="0"/>
        <line num="90" count="19" type="cond" truecount="2" falsecount="0"/>
        <line num="92" count="18" type="stmt"/>
        <line num="93" count="18" type="cond" truecount="2" falsecount="0"/>
        <line num="94" count="5" type="stmt"/>
        <line num="95" count="5" type="stmt"/>
        <line num="99" count="6" type="stmt"/>
        <line num="107" count="22" type="cond" truecount="2" falsecount="0"/>
        <line num="109" count="2" type="stmt"/>
        <line num="110" count="2" type="stmt"/>
        <line num="113" count="20" type="cond" truecount="2" falsecount="0"/>
        <line num="115" count="17" type="stmt"/>
        <line num="119" count="3" type="stmt"/>
        <line num="120" count="22" type="cond" truecount="4" falsecount="0"/>
        <line num="121" count="1" type="stmt"/>
        <line num="124" count="2" type="stmt"/>
        <line num="125" count="2" type="stmt"/>
        <line num="126" count="2" type="stmt"/>
        <line num="127" count="2" type="stmt"/>
        <line num="130" count="2" type="stmt"/>
        <line num="133" count="2" type="stmt"/>
      </file>
    </package>
    <package name="stores">
      <metrics statements="575" coveredstatements="554" conditionals="297" coveredconditionals="267" methods="113" coveredmethods="111"/>
      <file name="board.ts" path="C:\Users\asvav\OneDrive\Documents\www\pachisi\src\stores\board.ts">
        <metrics statements="14" coveredstatements="14" conditionals="2" coveredconditionals="2" methods="4" coveredmethods="4"/>
        <line num="11" count="5" type="stmt"/>
        <line num="12" count="154" type="stmt"/>
        <line num="13" count="154" type="stmt"/>
        <line num="18" count="154" type="stmt"/>
        <line num="41" count="154" type="stmt"/>
        <line num="55" count="154" type="stmt"/>
        <line num="60" count="154" type="stmt"/>
        <line num="62" count="616" type="stmt"/>
        <line num="65" count="616" type="stmt"/>
        <line num="66" count="3080" type="cond" truecount="2" falsecount="0"/>
        <line num="67" count="616" type="stmt"/>
        <line num="68" count="616" type="stmt"/>
        <line num="73" count="154" type="stmt"/>
        <line num="75" count="154" type="stmt"/>
      </file>
      <file name="dice.ts" path="C:\Users\asvav\OneDrive\Documents\www\pachisi\src\stores\dice.ts">
        <metrics statements="44" coveredstatements="44" conditionals="14" coveredconditionals="14" methods="19" coveredmethods="19"/>
        <line num="7" count="3" type="stmt"/>
        <line num="8" count="147" type="stmt"/>
        <line num="9" count="147" type="stmt"/>
        <line num="11" count="147" type="stmt"/>
        <line num="12" count="147" type="stmt"/>
        <line num="18" count="147" type="stmt"/>
        <line num="19" count="461" type="stmt"/>
        <line num="20" count="461" type="stmt"/>
        <line num="21" count="924" type="cond" truecount="2" falsecount="0"/>
        <line num="23" count="461" type="stmt"/>
        <line num="24" count="375" type="cond" truecount="2" falsecount="0"/>
        <line num="25" count="373" type="stmt"/>
        <line num="26" count="373" type="cond" truecount="2" falsecount="0"/>
        <line num="27" count="315" type="stmt"/>
        <line num="29" count="58" type="stmt"/>
        <line num="33" count="461" type="stmt"/>
        <line num="34" count="461" type="stmt"/>
        <line num="35" count="486" type="stmt"/>
        <line num="36" count="551" type="stmt"/>
        <line num="39" count="461" type="stmt"/>
        <line num="42" count="410" type="stmt"/>
        <line num="43" count="523" type="stmt"/>
        <line num="45" count="147" type="stmt"/>
        <line num="46" count="194" type="stmt"/>
        <line num="47" count="388" type="stmt"/>
        <line num="50" count="147" type="stmt"/>
        <line num="52" count="215" type="cond" truecount="2" falsecount="0"/>
        <line num="53" count="132" type="stmt"/>
        <line num="54" count="83" type="cond" truecount="2" falsecount="0"/>
        <line num="55" count="82" type="stmt"/>
        <line num="59" count="461" type="stmt"/>
        <line num="61" count="147" type="stmt"/>
        <line num="62" count="3" type="cond" truecount="2" falsecount="0"/>
        <line num="65" count="147" type="stmt"/>
        <line num="66" count="264" type="stmt"/>
        <line num="67" count="264" type="stmt"/>
        <line num="71" count="147" type="stmt"/>
        <line num="74" count="147" type="stmt"/>
        <line num="77" count="147" type="stmt"/>
        <line num="79" count="2177" type="stmt"/>
        <line num="81" count="147" type="stmt"/>
        <line num="82" count="462" type="cond" truecount="2" falsecount="0"/>
        <line num="85" count="147" type="stmt"/>
        <line num="87" count="147" type="stmt"/>
      </file>
      <file name="game.ts" path="C:\Users\asvav\OneDrive\Documents\www\pachisi\src\stores\game.ts">
        <metrics statements="468" coveredstatements="447" conditionals="258" coveredconditionals="230" methods="74" coveredmethods="72"/>
        <line num="29" count="2" type="stmt"/>
        <line num="30" count="124" type="stmt"/>
        <line num="31" count="124" type="stmt"/>
        <line num="36" count="124" type="stmt"/>
        <line num="40" count="124" type="stmt"/>
        <line num="42" count="124" type="stmt"/>
        <line num="44" count="124" type="stmt"/>
        <line num="47" count="124" type="stmt"/>
        <line num="52" count="124" type="stmt"/>
        <line num="58" count="1708" type="cond" truecount="1" falsecount="1"/>
        <line num="59" count="1708" type="stmt"/>
        <line num="65" count="1708" type="cond" truecount="2" falsecount="0"/>
        <line num="66" count="991" type="stmt"/>
        <line num="68" count="1708" type="stmt"/>
        <line num="69" count="1708" type="cond" truecount="2" falsecount="0"/>
        <line num="70" count="839" type="stmt"/>
        <line num="74" count="124" type="stmt"/>
        <line num="75" count="129" type="stmt"/>
        <line num="82" count="124" type="stmt"/>
        <line num="83" count="0" type="stmt"/>
        <line num="85" count="145" type="cond" truecount="1" falsecount="1"/>
        <line num="86" count="145" type="stmt"/>
        <line num="94" count="124" type="stmt"/>
        <line num="98" count="124" type="stmt"/>
        <line num="103" count="124" type="stmt"/>
        <line num="108" count="124" type="stmt"/>
        <line num="114" count="124" type="stmt"/>
        <line num="119" count="124" type="stmt"/>
        <line num="124" count="124" type="stmt"/>
        <line num="125" count="129" type="stmt"/>
        <line num="126" count="129" type="stmt"/>
        <line num="127" count="129" type="stmt"/>
        <line num="128" count="129" type="stmt"/>
        <line num="129" count="129" type="stmt"/>
        <line num="130" count="129" type="stmt"/>
        <line num="131" count="129" type="stmt"/>
        <line num="132" count="129" type="stmt"/>
        <line num="133" count="129" type="stmt"/>
        <line num="134" count="129" type="stmt"/>
        <line num="135" count="129" type="stmt"/>
        <line num="141" count="124" type="stmt"/>
        <line num="142" count="127" type="stmt"/>
        <line num="143" count="127" type="stmt"/>
        <line num="144" count="127" type="stmt"/>
        <line num="145" count="127" type="stmt"/>
        <line num="151" count="124" type="stmt"/>
        <line num="152" count="2" type="stmt"/>
        <line num="153" count="2" type="stmt"/>
        <line num="154" count="2" type="stmt"/>
        <line num="155" count="2" type="stmt"/>
        <line num="161" count="124" type="stmt"/>
        <line num="162" count="192" type="stmt"/>
        <line num="163" count="192" type="stmt"/>
        <line num="164" count="192" type="stmt"/>
        <line num="170" count="192" type="cond" truecount="2" falsecount="0"/>
        <line num="171" count="12" type="stmt"/>
        <line num="172" count="12" type="stmt"/>
        <line num="176" count="180" type="cond" truecount="2" falsecount="0"/>
        <line num="177" count="55" type="stmt"/>
        <line num="178" count="55" type="stmt"/>
        <line num="182" count="55" type="cond" truecount="2" falsecount="0"/>
        <line num="184" count="12" type="stmt"/>
        <line num="185" count="12" type="stmt"/>
        <line num="187" count="55" type="cond" truecount="2" falsecount="0"/>
        <line num="188" count="6" type="stmt"/>
        <line num="189" count="6" type="stmt"/>
        <line num="190" count="6" type="stmt"/>
        <line num="191" count="6" type="stmt"/>
        <line num="194" count="125" type="stmt"/>
        <line num="195" count="125" type="stmt"/>
        <line num="196" count="125" type="stmt"/>
        <line num="199" count="180" type="cond" truecount="2" falsecount="0"/>
        <line num="200" count="152" type="stmt"/>
        <line num="205" count="152" type="stmt"/>
        <line num="207" count="28" type="cond" truecount="2" falsecount="0"/>
        <line num="208" count="18" type="stmt"/>
        <line num="209" count="18" type="stmt"/>
        <line num="210" count="18" type="stmt"/>
        <line num="214" count="10" type="stmt"/>
        <line num="219" count="10" type="stmt"/>
        <line num="229" count="124" type="stmt"/>
        <line num="230" count="18" type="stmt"/>
        <line num="231" count="18" type="stmt"/>
        <line num="232" count="18" type="stmt"/>
        <line num="240" count="18" type="stmt"/>
        <line num="243" count="18" type="stmt"/>
        <line num="244" count="18" type="stmt"/>
        <line num="245" count="18" type="stmt"/>
        <line num="248" count="18" type="cond" truecount="2" falsecount="0"/>
        <line num="249" count="5" type="stmt"/>
        <line num="251" count="13" type="stmt"/>
        <line num="252" count="13" type="stmt"/>
        <line num="260" count="124" type="stmt"/>
        <line num="261" count="10" type="stmt"/>
        <line num="262" count="10" type="stmt"/>
        <line num="265" count="34" type="stmt"/>
        <line num="266" count="10" type="stmt"/>
        <line num="269" count="34" type="stmt"/>
        <line num="271" count="10" type="cond" truecount="2" falsecount="0"/>
        <line num="273" count="6" type="stmt"/>
        <line num="274" count="6" type="stmt"/>
        <line num="275" count="6" type="stmt"/>
        <line num="276" count="6" type="stmt"/>
        <line num="277" count="6" type="stmt"/>
        <line num="278" count="6" type="stmt"/>
        <line num="286" count="4" type="stmt"/>
        <line num="292" count="4" type="stmt"/>
        <line num="293" count="4" type="stmt"/>
        <line num="294" count="4" type="stmt"/>
        <line num="302" count="124" type="stmt"/>
        <line num="303" count="6" type="stmt"/>
        <line num="304" count="6" type="cond" truecount="1" falsecount="1"/>
        <line num="305" count="0" type="stmt"/>
        <line num="306" count="0" type="stmt"/>
        <line num="310" count="6" type="cond" truecount="2" falsecount="0"/>
        <line num="311" count="4" type="stmt"/>
        <line num="316" count="4" type="stmt"/>
        <line num="320" count="2" type="cond" truecount="1" falsecount="1"/>
        <line num="321" count="6" type="cond" truecount="1" falsecount="1"/>
        <line num="322" count="2" type="stmt"/>
        <line num="328" count="2" type="stmt"/>
        <line num="330" count="0" type="stmt"/>
        <line num="337" count="124" type="stmt"/>
        <line num="339" count="372" type="stmt"/>
        <line num="340" count="372" type="stmt"/>
        <line num="346" count="124" type="stmt"/>
        <line num="349" count="47" type="stmt"/>
        <line num="355" count="124" type="stmt"/>
        <line num="356" count="133" type="stmt"/>
        <line num="357" count="133" type="stmt"/>
        <line num="358" count="133" type="stmt"/>
        <line num="359" count="133" type="stmt"/>
        <line num="361" count="133" type="stmt"/>
        <line num="362" count="133" type="stmt"/>
        <line num="363" count="133" type="stmt"/>
        <line num="374" count="124" type="stmt"/>
        <line num="375" count="23" type="cond" truecount="3" falsecount="0"/>
        <line num="384" count="124" type="stmt"/>
        <line num="386" count="112" type="cond" truecount="3" falsecount="0"/>
        <line num="388" count="125" type="stmt"/>
        <line num="391" count="433" type="stmt"/>
        <line num="393" count="429" type="stmt"/>
        <line num="395" count="124" type="stmt"/>
        <line num="400" count="124" type="stmt"/>
        <line num="401" count="4" type="cond" truecount="2" falsecount="0"/>
        <line num="402" count="3" type="stmt"/>
        <line num="403" count="3" type="stmt"/>
        <line num="404" count="7" type="stmt"/>
        <line num="406" count="3" type="stmt"/>
        <line num="409" count="124" type="stmt"/>
        <line num="410" count="3" type="cond" truecount="1" falsecount="1"/>
        <line num="411" count="3" type="stmt"/>
        <line num="417" count="124" type="stmt"/>
        <line num="418" count="659" type="stmt"/>
        <line num="419" count="659" type="stmt"/>
        <line num="420" count="659" type="stmt"/>
        <line num="421" count="1188" type="stmt"/>
        <line num="424" count="659" type="stmt"/>
        <line num="427" count="659" type="cond" truecount="2" falsecount="0"/>
        <line num="428" count="3" type="stmt"/>
        <line num="429" count="7" type="stmt"/>
        <line num="430" count="3" type="cond" truecount="2" falsecount="0"/>
        <line num="432" count="657" type="stmt"/>
        <line num="438" count="124" type="stmt"/>
        <line num="439" count="1241" type="stmt"/>
        <line num="445" count="124" type="stmt"/>
        <line num="446" count="1456" type="stmt"/>
        <line num="447" count="1456" type="cond" truecount="2" falsecount="0"/>
        <line num="451" count="1454" type="cond" truecount="2" falsecount="0"/>
        <line num="452" count="90" type="cond" truecount="4" falsecount="0"/>
        <line num="453" count="82" type="stmt"/>
        <line num="456" count="1364" type="stmt"/>
        <line num="458" count="1364" type="cond" truecount="4" falsecount="0"/>
        <line num="459" count="809" type="stmt"/>
        <line num="464" count="1454" type="stmt"/>
        <line num="465" count="170" type="stmt"/>
        <line num="467" count="1454" type="stmt"/>
        <line num="473" count="124" type="stmt"/>
        <line num="474" count="1188" type="stmt"/>
        <line num="475" count="1188" type="stmt"/>
        <line num="477" count="1188" type="stmt"/>
        <line num="478" count="4752" type="cond" truecount="2" falsecount="0"/>
        <line num="479" count="2232" type="stmt"/>
        <line num="483" count="1188" type="stmt"/>
        <line num="489" count="124" type="stmt"/>
        <line num="491" count="5993" type="cond" truecount="2" falsecount="0"/>
        <line num="493" count="5275" type="cond" truecount="1" falsecount="1"/>
        <line num="495" count="5275" type="stmt"/>
        <line num="496" count="5275" type="stmt"/>
        <line num="505" count="124" type="stmt"/>
        <line num="506" count="6314" type="stmt"/>
        <line num="507" count="6314" type="stmt"/>
        <line num="510" count="6314" type="cond" truecount="2" falsecount="0"/>
        <line num="512" count="2175" type="cond" truecount="2" falsecount="0"/>
        <line num="513" count="1724" type="stmt"/>
        <line num="515" count="451" type="cond" truecount="1" falsecount="1"/>
        <line num="516" count="0" type="stmt"/>
        <line num="520" count="451" type="stmt"/>
        <line num="523" count="509" type="cond" truecount="2" falsecount="0"/>
        <line num="524" count="23" type="stmt"/>
        <line num="526" count="428" type="stmt"/>
        <line num="527" count="856" type="cond" truecount="3" falsecount="0"/>
        <line num="528" count="428" type="cond" truecount="2" falsecount="0"/>
        <line num="529" count="63" type="stmt"/>
        <line num="531" count="365" type="stmt"/>
        <line num="532" count="365" type="stmt"/>
        <line num="536" count="4139" type="cond" truecount="2" falsecount="0"/>
        <line num="537" count="217" type="stmt"/>
        <line num="538" count="217" type="stmt"/>
        <line num="540" count="217" type="cond" truecount="2" falsecount="0"/>
        <line num="541" count="133" type="stmt"/>
        <line num="543" count="84" type="stmt"/>
        <line num="544" count="84" type="cond" truecount="1" falsecount="1"/>
        <line num="545" count="0" type="stmt"/>
        <line num="548" count="84" type="stmt"/>
        <line num="549" count="84" type="stmt"/>
        <line num="550" count="131" type="stmt"/>
        <line num="551" count="131" type="cond" truecount="2" falsecount="0"/>
        <line num="552" count="1" type="stmt"/>
        <line num="553" count="1" type="stmt"/>
        <line num="556" count="84" type="cond" truecount="2" falsecount="0"/>
        <line num="557" count="83" type="stmt"/>
        <line num="559" count="84" type="stmt"/>
        <line num="563" count="3922" type="stmt"/>
        <line num="564" count="3922" type="stmt"/>
        <line num="565" count="3922" type="stmt"/>
        <line num="566" count="3922" type="stmt"/>
        <line num="567" count="3922" type="stmt"/>
        <line num="572" count="4186" type="cond" truecount="4" falsecount="0"/>
        <line num="574" count="3888" type="stmt"/>
        <line num="575" count="3888" type="stmt"/>
        <line num="576" count="3888" type="stmt"/>
        <line num="577" count="20977" type="cond" truecount="2" falsecount="0"/>
        <line num="578" count="1" type="stmt"/>
        <line num="579" count="1" type="stmt"/>
        <line num="582" count="3888" type="cond" truecount="2" falsecount="0"/>
        <line num="583" count="3887" type="stmt"/>
        <line num="590" count="3922" type="stmt"/>
        <line num="591" count="3922" type="stmt"/>
        <line num="595" count="3922" type="stmt"/>
        <line num="596" count="3922" type="cond" truecount="3" falsecount="1"/>
        <line num="597" count="0" type="stmt"/>
        <line num="599" count="3922" type="stmt"/>
        <line num="603" count="3922" type="cond" truecount="1" falsecount="1"/>
        <line num="604" count="0" type="stmt"/>
        <line num="608" count="3922" type="stmt"/>
        <line num="609" count="20631" type="stmt"/>
        <line num="612" count="3922" type="stmt"/>
        <line num="613" count="3922" type="stmt"/>
        <line num="617" count="3922" type="cond" truecount="2" falsecount="0"/>
        <line num="619" count="30" type="cond" truecount="4" falsecount="0"/>
        <line num="620" count="22" type="stmt"/>
        <line num="621" count="22" type="cond" truecount="1" falsecount="1"/>
        <line num="622" count="22" type="stmt"/>
        <line num="627" count="3922" type="cond" truecount="4" falsecount="0"/>
        <line num="629" count="122" type="stmt"/>
        <line num="632" count="122" type="cond" truecount="1" falsecount="1"/>
        <line num="633" count="0" type="stmt"/>
        <line num="638" count="122" type="stmt"/>
        <line num="640" count="122" type="cond" truecount="4" falsecount="0"/>
        <line num="641" count="70" type="stmt"/>
        <line num="642" count="70" type="cond" truecount="1" falsecount="1"/>
        <line num="644" count="70" type="stmt"/>
        <line num="645" count="70" type="stmt"/>
        <line num="646" count="408" type="stmt"/>
        <line num="647" count="408" type="stmt"/>
        <line num="648" count="408" type="cond" truecount="1" falsecount="1"/>
        <line num="649" count="0" type="stmt"/>
        <line num="650" count="0" type="stmt"/>
        <line num="653" count="70" type="cond" truecount="1" falsecount="1"/>
        <line num="654" count="70" type="stmt"/>
        <line num="660" count="3922" type="stmt"/>
        <line num="666" count="124" type="stmt"/>
        <line num="667" count="7810" type="stmt"/>
        <line num="668" count="7810" type="stmt"/>
        <line num="669" count="7810" type="stmt"/>
        <line num="670" count="7810" type="stmt"/>
        <line num="671" count="42159" type="stmt"/>
        <line num="672" count="42159" type="stmt"/>
        <line num="673" count="42159" type="stmt"/>
        <line num="675" count="7810" type="stmt"/>
        <line num="681" count="124" type="stmt"/>
        <line num="682" count="1082" type="stmt"/>
        <line num="683" count="1082" type="cond" truecount="2" falsecount="0"/>
        <line num="684" count="91" type="stmt"/>
        <line num="686" count="991" type="cond" truecount="5" falsecount="0"/>
        <line num="688" count="135" type="cond" truecount="1" falsecount="1"/>
        <line num="690" count="0" type="stmt"/>
        <line num="692" count="135" type="stmt"/>
        <line num="694" count="856" type="stmt"/>
        <line num="697" count="124" type="stmt"/>
        <line num="703" count="3927" type="stmt"/>
        <line num="704" count="3927" type="cond" truecount="1" falsecount="1"/>
        <line num="705" count="0" type="stmt"/>
        <line num="707" count="7854" type="stmt"/>
        <line num="708" count="3927" type="cond" truecount="2" falsecount="0"/>
        <line num="709" count="3639" type="stmt"/>
        <line num="712" count="288" type="stmt"/>
        <line num="715" count="288" type="stmt"/>
        <line num="726" count="124" type="stmt"/>
        <line num="727" count="25617" type="stmt"/>
        <line num="729" count="27496" type="cond" truecount="2" falsecount="0"/>
        <line num="730" count="25362" type="stmt"/>
        <line num="733" count="255" type="stmt"/>
        <line num="734" count="510" type="stmt"/>
        <line num="741" count="124" type="stmt"/>
        <line num="742" count="100" type="stmt"/>
        <line num="743" count="100" type="stmt"/>
        <line num="744" count="400" type="stmt"/>
        <line num="745" count="400" type="cond" truecount="4" falsecount="0"/>
        <line num="746" count="330" type="cond" truecount="4" falsecount="0"/>
        <line num="747" count="338" type="stmt"/>
        <line num="748" count="169" type="cond" truecount="4" falsecount="0"/>
        <line num="749" count="46" type="cond" truecount="2" falsecount="0"/>
        <line num="750" count="16" type="stmt"/>
        <line num="752" count="100" type="stmt"/>
        <line num="759" count="124" type="stmt"/>
        <line num="760" count="245" type="stmt"/>
        <line num="761" count="245" type="cond" truecount="4" falsecount="0"/>
        <line num="762" count="95" type="stmt"/>
        <line num="771" count="124" type="stmt"/>
        <line num="772" count="249" type="cond" truecount="2" falsecount="0"/>
        <line num="773" count="103" type="stmt"/>
        <line num="774" count="146" type="cond" truecount="4" falsecount="0"/>
        <line num="775" count="29" type="stmt"/>
        <line num="776" count="29" type="stmt"/>
        <line num="778" count="117" type="stmt"/>
        <line num="779" count="117" type="stmt"/>
        <line num="792" count="124" type="stmt"/>
        <line num="793" count="255" type="cond" truecount="2" falsecount="0"/>
        <line num="794" count="1" type="stmt"/>
        <line num="798" count="307" type="cond" truecount="2" falsecount="0"/>
        <line num="799" count="4" type="stmt"/>
        <line num="804" count="250" type="stmt"/>
        <line num="812" count="124" type="stmt"/>
        <line num="813" count="250" type="stmt"/>
        <line num="814" count="250" type="stmt"/>
        <line num="815" count="250" type="cond" truecount="2" falsecount="0"/>
        <line num="816" count="250" type="stmt"/>
        <line num="818" count="250" type="cond" truecount="5" falsecount="0"/>
        <line num="820" count="25" type="stmt"/>
        <line num="821" count="25" type="stmt"/>
        <line num="825" count="25" type="stmt"/>
        <line num="827" count="225" type="cond" truecount="4" falsecount="0"/>
        <line num="829" count="18" type="stmt"/>
        <line num="830" count="18" type="cond" truecount="1" falsecount="1"/>
        <line num="831" count="18" type="stmt"/>
        <line num="833" count="18" type="stmt"/>
        <line num="834" count="18" type="stmt"/>
        <line num="836" count="207" type="stmt"/>
        <line num="837" count="207" type="stmt"/>
        <line num="847" count="124" type="stmt"/>
        <line num="848" count="255" type="stmt"/>
        <line num="849" count="255" type="cond" truecount="2" falsecount="0"/>
        <line num="850" count="5" type="stmt"/>
        <line num="855" count="5" type="stmt"/>
        <line num="858" count="250" type="stmt"/>
        <line num="860" count="250" type="stmt"/>
        <line num="865" count="250" type="cond" truecount="2" falsecount="0"/>
        <line num="872" count="526" type="cond" truecount="2" falsecount="0"/>
        <line num="873" count="255" type="cond" truecount="2" falsecount="0"/>
        <line num="874" count="41" type="stmt"/>
        <line num="875" count="41" type="stmt"/>
        <line num="876" count="41" type="cond" truecount="2" falsecount="0"/>
        <line num="878" count="25" type="stmt"/>
        <line num="879" count="25" type="cond" truecount="1" falsecount="1"/>
        <line num="880" count="25" type="stmt"/>
        <line num="886" count="25" type="stmt"/>
        <line num="890" count="25" type="cond" truecount="2" falsecount="0"/>
        <line num="891" count="2" type="stmt"/>
        <line num="897" count="23" type="stmt"/>
        <line num="898" count="23" type="stmt"/>
        <line num="901" count="16" type="stmt"/>
        <line num="912" count="250" type="cond" truecount="3" falsecount="0"/>
        <line num="916" count="255" type="cond" truecount="2" falsecount="0"/>
        <line num="918" count="61" type="stmt"/>
        <line num="922" count="255" type="stmt"/>
        <line num="925" count="255" type="cond" truecount="2" falsecount="0"/>
        <line num="926" count="8" type="stmt"/>
        <line num="927" count="8" type="stmt"/>
        <line num="928" count="16" type="cond" truecount="2" falsecount="0"/>
        <line num="930" count="8" type="cond" truecount="1" falsecount="1"/>
        <line num="931" count="8" type="stmt"/>
        <line num="932" count="8" type="stmt"/>
        <line num="940" count="250" type="stmt"/>
        <line num="943" count="250" type="cond" truecount="2" falsecount="0"/>
        <line num="944" count="13" type="stmt"/>
        <line num="945" count="13" type="stmt"/>
        <line num="949" count="250" type="stmt"/>
        <line num="950" count="250" type="cond" truecount="4" falsecount="0"/>
        <line num="951" count="28" type="stmt"/>
        <line num="952" count="28" type="stmt"/>
        <line num="953" count="28" type="cond" truecount="2" falsecount="0"/>
        <line num="954" count="13" type="stmt"/>
        <line num="955" count="13" type="stmt"/>
        <line num="957" count="13" type="stmt"/>
        <line num="958" count="13" type="stmt"/>
        <line num="961" count="13" type="stmt"/>
        <line num="966" count="250" type="cond" truecount="2" falsecount="0"/>
        <line num="967" count="249" type="cond" truecount="3" falsecount="1"/>
        <line num="968" count="0" type="stmt"/>
        <line num="970" count="249" type="stmt"/>
        <line num="974" count="250" type="stmt"/>
        <line num="986" count="255" type="stmt"/>
        <line num="992" count="124" type="stmt"/>
        <line num="994" count="36" type="stmt"/>
        <line num="997" count="124" type="stmt"/>
        <line num="999" count="21" type="stmt"/>
        <line num="1000" count="21" type="cond" truecount="2" falsecount="0"/>
        <line num="1001" count="8" type="stmt"/>
        <line num="1009" count="8" type="cond" truecount="2" falsecount="0"/>
        <line num="1010" count="4" type="stmt"/>
        <line num="1011" count="4" type="stmt"/>
        <line num="1013" count="16" type="stmt"/>
        <line num="1023" count="124" type="stmt"/>
        <line num="1024" count="30" type="stmt"/>
        <line num="1025" count="30" type="stmt"/>
        <line num="1026" count="30" type="cond" truecount="1" falsecount="1"/>
        <line num="1027" count="0" type="stmt"/>
        <line num="1028" count="0" type="stmt"/>
        <line num="1030" count="30" type="stmt"/>
        <line num="1031" count="30" type="stmt"/>
        <line num="1032" count="30" type="stmt"/>
        <line num="1033" count="30" type="stmt"/>
        <line num="1045" count="124" type="stmt"/>
        <line num="1046" count="224" type="stmt"/>
        <line num="1047" count="224" type="stmt"/>
        <line num="1048" count="525" type="stmt"/>
        <line num="1049" count="1013" type="stmt"/>
        <line num="1050" count="1035" type="stmt"/>
        <line num="1054" count="224" type="stmt"/>
        <line num="1060" count="124" type="stmt"/>
        <line num="1061" count="222" type="stmt"/>
        <line num="1062" count="222" type="stmt"/>
        <line num="1063" count="888" type="stmt"/>
        <line num="1064" count="666" type="stmt"/>
        <line num="1065" count="2664" type="stmt"/>
        <line num="1066" count="222" type="stmt"/>
        <line num="1069" count="973" type="stmt"/>
        <line num="1077" count="124" type="stmt"/>
        <line num="1078" count="293" type="cond" truecount="2" falsecount="0"/>
        <line num="1083" count="124" type="stmt"/>
        <line num="1084" count="129" type="stmt"/>
        <line num="1085" count="129" type="cond" truecount="1" falsecount="1"/>
        <line num="1089" count="124" type="stmt"/>
        <line num="1095" count="124" type="stmt"/>
        <line num="1096" count="383" type="cond" truecount="1" falsecount="1"/>
        <line num="1097" count="383" type="stmt"/>
        <line num="1098" count="383" type="cond" truecount="2" falsecount="0"/>
        <line num="1100" count="382" type="cond" truecount="4" falsecount="0"/>
        <line num="1101" count="161" type="stmt"/>
        <line num="1102" count="161" type="stmt"/>
        <line num="1105" count="221" type="cond" truecount="1" falsecount="1"/>
        <line num="1106" count="221" type="stmt"/>
        <line num="1107" count="221" type="cond" truecount="1" falsecount="1"/>
        <line num="1108" count="0" type="stmt"/>
        <line num="1109" count="0" type="stmt"/>
        <line num="1111" count="221" type="stmt"/>
        <line num="1116" count="221" type="cond" truecount="1" falsecount="1"/>
        <line num="1117" count="0" type="stmt"/>
        <line num="1118" count="0" type="stmt"/>
        <line num="1120" count="221" type="stmt"/>
        <line num="1123" count="0" type="stmt"/>
        <line num="1127" count="124" type="stmt"/>
        <line num="1129" count="5" type="cond" truecount="2" falsecount="0"/>
        <line num="1130" count="3" type="cond" truecount="4" falsecount="0"/>
        <line num="1131" count="2" type="stmt"/>
        <line num="1135" count="124" type="stmt"/>
      </file>
      <file name="player.ts" path="C:\Users\asvav\OneDrive\Documents\www\pachisi\src\stores\player.ts">
        <metrics statements="49" coveredstatements="49" conditionals="23" coveredconditionals="21" methods="16" coveredmethods="16"/>
        <line num="10" count="5" type="stmt"/>
        <line num="11" count="182" type="stmt"/>
        <line num="18" count="182" type="stmt"/>
        <line num="19" count="182" type="stmt"/>
        <line num="21" count="182" type="stmt"/>
        <line num="22" count="364" type="cond" truecount="2" falsecount="0"/>
        <line num="23" count="364" type="stmt"/>
        <line num="30" count="182" type="stmt"/>
        <line num="32" count="4" type="stmt"/>
        <line num="33" count="16" type="stmt"/>
        <line num="34" count="64" type="stmt"/>
        <line num="35" count="159" type="cond" truecount="3" falsecount="0"/>
        <line num="36" count="64" type="cond" truecount="1" falsecount="1"/>
        <line num="40" count="4" type="stmt"/>
        <line num="41" count="16" type="stmt"/>
        <line num="42" count="16" type="stmt"/>
        <line num="43" count="64" type="stmt"/>
        <line num="44" count="64" type="stmt"/>
        <line num="45" count="64" type="stmt"/>
        <line num="48" count="4" type="stmt"/>
        <line num="49" count="4" type="stmt"/>
        <line num="56" count="182" type="stmt"/>
        <line num="57" count="139" type="cond" truecount="1" falsecount="1"/>
        <line num="58" count="139" type="stmt"/>
        <line num="59" count="139" type="stmt"/>
        <line num="60" count="142" type="stmt"/>
        <line num="61" count="142" type="cond" truecount="2" falsecount="0"/>
        <line num="62" count="139" type="stmt"/>
        <line num="63" count="139" type="stmt"/>
        <line num="68" count="182" type="stmt"/>
        <line num="69" count="211" type="cond" truecount="2" falsecount="0"/>
        <line num="75" count="182" type="stmt"/>
        <line num="82" count="182" type="stmt"/>
        <line num="83" count="12" type="cond" truecount="2" falsecount="0"/>
        <line num="84" count="11" type="stmt"/>
        <line num="85" count="11" type="cond" truecount="2" falsecount="0"/>
        <line num="86" count="17" type="stmt"/>
        <line num="94" count="182" type="stmt"/>
        <line num="96" count="182" type="stmt"/>
        <line num="97" count="14" type="cond" truecount="2" falsecount="0"/>
        <line num="98" count="46" type="stmt"/>
        <line num="107" count="182" type="stmt"/>
        <line num="108" count="38" type="cond" truecount="2" falsecount="0"/>
        <line num="109" count="1" type="stmt"/>
        <line num="112" count="120" type="cond" truecount="2" falsecount="0"/>
        <line num="113" count="23" type="stmt"/>
        <line num="114" count="23" type="stmt"/>
        <line num="117" count="14" type="stmt"/>
        <line num="120" count="182" type="stmt"/>
      </file>
    </package>
    <package name="utils">
      <metrics statements="4" coveredstatements="4" conditionals="0" coveredconditionals="0" methods="2" coveredmethods="2"/>
      <file name="array.ts" path="C:\Users\asvav\OneDrive\Documents\www\pachisi\src\utils\array.ts">
        <metrics statements="4" coveredstatements="4" conditionals="0" coveredconditionals="0" methods="2" coveredmethods="2"/>
        <line num="1" count="6" type="stmt"/>
        <line num="2" count="4314" type="stmt"/>
        <line num="4" count="6" type="stmt"/>
        <line num="5" count="1234" type="stmt"/>
      </file>
    </package>
  </project>
</coverage>
