{"C:\\Users\\asvav\\OneDrive\\Documents\\www\\pachisi\\src\\lib\\GameState.ts": {"path":"C:\\Users\\asvav\\OneDrive\\Documents\\www\\pachisi\\src\\lib\\GameState.ts","statementMap":{"0":{"start":{"line":4,"column":7},"end":{"line":4,"column":null}},"1":{"start":{"line":9,"column":2},"end":{"line":9,"column":null}},"2":{"start":{"line":14,"column":2},"end":{"line":14,"column":null}},"3":{"start":{"line":18,"column":2},"end":{"line":18,"column":null}},"4":{"start":{"line":23,"column":2},"end":{"line":23,"column":null}},"5":{"start":{"line":28,"column":2},"end":{"line":28,"column":null}},"6":{"start":{"line":33,"column":2},"end":{"line":33,"column":null}},"7":{"start":{"line":4,"column":12},"end":{"line":4,"column":null}},"8":{"start":{"line":53,"column":71},"end":{"line":78,"column":null}}},"fnMap":{"0":{"name":"(anonymous_0)","decl":{"start":{"line":4,"column":7},"end":{"line":4,"column":12}},"loc":{"start":{"line":4,"column":7},"end":{"line":4,"column":null}},"line":4}},"branchMap":{"0":{"loc":{"start":{"line":4,"column":12},"end":{"line":4,"column":null}},"type":"binary-expr","locations":[{"start":{"line":4,"column":12},"end":{"line":4,"column":null}},{"start":{"line":4,"column":12},"end":{"line":4,"column":null}}],"line":4}},"s":{"0":2,"1":2,"2":2,"3":2,"4":2,"5":2,"6":2,"7":2,"8":2},"f":{"0":2},"b":{"0":[2,2]},"meta":{"lastBranch":1,"lastFunction":1,"lastStatement":9,"seen":{"s:4:7:4:Infinity":0,"f:4:7:4:12":0,"s:9:2:9:Infinity":1,"s:14:2:14:Infinity":2,"s:18:2:18:Infinity":3,"s:23:2:23:Infinity":4,"s:28:2:28:Infinity":5,"s:33:2:33:Infinity":6,"s:4:12:4:Infinity":7,"b:4:12:4:Infinity:4:12:4:Infinity":0,"s:53:71:78:Infinity":8},"fnNames":{}}}
,"C:\\Users\\asvav\\OneDrive\\Documents\\www\\pachisi\\src\\lib\\board.ts": {"path":"C:\\Users\\asvav\\OneDrive\\Documents\\www\\pachisi\\src\\lib\\board.ts","statementMap":{"0":{"start":{"line":4,"column":7},"end":{"line":4,"column":null}},"1":{"start":{"line":5,"column":2},"end":{"line":5,"column":null}},"2":{"start":{"line":6,"column":2},"end":{"line":6,"column":null}},"3":{"start":{"line":7,"column":2},"end":{"line":7,"column":null}},"4":{"start":{"line":4,"column":12},"end":{"line":4,"column":null}},"5":{"start":{"line":29,"column":4},"end":{"line":29,"column":null}},"6":{"start":{"line":33,"column":4},"end":{"line":33,"column":null}},"7":{"start":{"line":37,"column":4},"end":{"line":37,"column":null}},"8":{"start":{"line":41,"column":4},"end":{"line":41,"column":null}},"9":{"start":{"line":45,"column":4},"end":{"line":45,"column":null}},"10":{"start":{"line":49,"column":4},"end":{"line":49,"column":null}},"11":{"start":{"line":50,"column":4},"end":{"line":52,"column":null}},"12":{"start":{"line":50,"column":17},"end":{"line":50,"column":20}},"13":{"start":{"line":51,"column":6},"end":{"line":51,"column":null}}},"fnMap":{"0":{"name":"(anonymous_0)","decl":{"start":{"line":4,"column":7},"end":{"line":4,"column":12}},"loc":{"start":{"line":4,"column":7},"end":{"line":4,"column":null}},"line":4},"1":{"name":"constructor","decl":{"start":{"line":18,"column":2},"end":{"line":18,"column":null}},"loc":{"start":{"line":25,"column":4},"end":{"line":53,"column":null}},"line":25}},"branchMap":{"0":{"loc":{"start":{"line":4,"column":12},"end":{"line":4,"column":null}},"type":"binary-expr","locations":[{"start":{"line":4,"column":12},"end":{"line":4,"column":null}},{"start":{"line":4,"column":12},"end":{"line":4,"column":null}}],"line":4},"1":{"loc":{"start":{"line":41,"column":12},"end":{"line":41,"column":null}},"type":"binary-expr","locations":[{"start":{"line":41,"column":12},"end":{"line":41,"column":21}},{"start":{"line":41,"column":21},"end":{"line":41,"column":null}}],"line":41},"2":{"loc":{"start":{"line":45,"column":10},"end":{"line":45,"column":null}},"type":"binary-expr","locations":[{"start":{"line":45,"column":10},"end":{"line":45,"column":17}},{"start":{"line":45,"column":17},"end":{"line":45,"column":null}}],"line":45},"3":{"loc":{"start":{"line":49,"column":12},"end":{"line":49,"column":null}},"type":"binary-expr","locations":[{"start":{"line":49,"column":12},"end":{"line":49,"column":21}},{"start":{"line":49,"column":21},"end":{"line":49,"column":null}}],"line":49}},"s":{"0":7,"1":7,"2":7,"3":7,"4":7,"5":1167,"6":1167,"7":1167,"8":1167,"9":1167,"10":1167,"11":1167,"12":1167,"13":11753},"f":{"0":7,"1":1167},"b":{"0":[7,7],"1":[1167,1064],"2":[1167,1065],"3":[1167,128]},"meta":{"lastBranch":4,"lastFunction":2,"lastStatement":14,"seen":{"s:4:7:4:Infinity":0,"f:4:7:4:12":0,"s:5:2:5:Infinity":1,"s:6:2:6:Infinity":2,"s:7:2:7:Infinity":3,"s:4:12:4:Infinity":4,"b:4:12:4:Infinity:4:12:4:Infinity":0,"f:18:2:18:Infinity":1,"s:29:4:29:Infinity":5,"s:33:4:33:Infinity":6,"s:37:4:37:Infinity":7,"s:41:4:41:Infinity":8,"b:41:12:41:21:41:21:41:Infinity":1,"s:45:4:45:Infinity":9,"b:45:10:45:17:45:17:45:Infinity":2,"s:49:4:49:Infinity":10,"b:49:12:49:21:49:21:49:Infinity":3,"s:50:4:52:Infinity":11,"s:50:17:50:20":12,"s:51:6:51:Infinity":13},"fnNames":{}}}
,"C:\\Users\\asvav\\OneDrive\\Documents\\www\\pachisi\\src\\lib\\cell.ts": {"path":"C:\\Users\\asvav\\OneDrive\\Documents\\www\\pachisi\\src\\lib\\cell.ts","statementMap":{"0":{"start":{"line":24,"column":4},"end":{"line":24,"column":null}},"1":{"start":{"line":28,"column":4},"end":{"line":28,"column":null}},"2":{"start":{"line":32,"column":4},"end":{"line":32,"column":null}},"3":{"start":{"line":36,"column":4},"end":{"line":36,"column":null}},"4":{"start":{"line":40,"column":4},"end":{"line":40,"column":null}},"5":{"start":{"line":41,"column":4},"end":{"line":43,"column":null}},"6":{"start":{"line":41,"column":17},"end":{"line":41,"column":20}},"7":{"start":{"line":42,"column":6},"end":{"line":42,"column":null}}},"fnMap":{"0":{"name":"constructor","decl":{"start":{"line":15,"column":2},"end":{"line":15,"column":null}},"loc":{"start":{"line":20,"column":4},"end":{"line":44,"column":null}},"line":20}},"branchMap":{"0":{"loc":{"start":{"line":28,"column":16},"end":{"line":28,"column":null}},"type":"binary-expr","locations":[{"start":{"line":28,"column":16},"end":{"line":28,"column":24}},{"start":{"line":28,"column":24},"end":{"line":28,"column":null}}],"line":28},"1":{"loc":{"start":{"line":36,"column":16},"end":{"line":36,"column":null}},"type":"binary-expr","locations":[{"start":{"line":36,"column":16},"end":{"line":36,"column":24}},{"start":{"line":36,"column":24},"end":{"line":36,"column":null}}],"line":36}},"s":{"0":11753,"1":11753,"2":11753,"3":11753,"4":11753,"5":11753,"6":11753,"7":25585},"f":{"0":11753},"b":{"0":[11753,10550],"1":[11753,10714]},"meta":{"lastBranch":2,"lastFunction":1,"lastStatement":8,"seen":{"f:15:2:15:Infinity":0,"s:24:4:24:Infinity":0,"s:28:4:28:Infinity":1,"b:28:16:28:24:28:24:28:Infinity":0,"s:32:4:32:Infinity":2,"s:36:4:36:Infinity":3,"b:36:16:36:24:36:24:36:Infinity":1,"s:40:4:40:Infinity":4,"s:41:4:43:Infinity":5,"s:41:17:41:20":6,"s:42:6:42:Infinity":7},"fnNames":{}}}
,"C:\\Users\\asvav\\OneDrive\\Documents\\www\\pachisi\\src\\lib\\chip.ts": {"path":"C:\\Users\\asvav\\OneDrive\\Documents\\www\\pachisi\\src\\lib\\chip.ts","statementMap":{"0":{"start":{"line":5,"column":20},"end":{"line":5,"column":null}},"1":{"start":{"line":21,"column":4},"end":{"line":21,"column":null}},"2":{"start":{"line":25,"column":4},"end":{"line":25,"column":null}},"3":{"start":{"line":26,"column":4},"end":{"line":26,"column":null}},"4":{"start":{"line":30,"column":4},"end":{"line":30,"column":null}},"5":{"start":{"line":34,"column":4},"end":{"line":34,"column":null}},"6":{"start":{"line":40,"column":4},"end":{"line":66,"column":null}},"7":{"start":{"line":41,"column":18},"end":{"line":41,"column":null}},"8":{"start":{"line":41,"column":46},"end":{"line":41,"column":69}},"9":{"start":{"line":42,"column":6},"end":{"line":53,"column":null}},"10":{"start":{"line":43,"column":8},"end":{"line":43,"column":null}},"11":{"start":{"line":46,"column":8},"end":{"line":52,"column":null}},"12":{"start":{"line":46,"column":21},"end":{"line":46,"column":24}},"13":{"start":{"line":47,"column":24},"end":{"line":47,"column":null}},"14":{"start":{"line":48,"column":10},"end":{"line":51,"column":null}},"15":{"start":{"line":49,"column":12},"end":{"line":49,"column":null}},"16":{"start":{"line":50,"column":12},"end":{"line":50,"column":null}},"17":{"start":{"line":54,"column":6},"end":{"line":54,"column":null}},"18":{"start":{"line":55,"column":18},"end":{"line":55,"column":null}},"19":{"start":{"line":56,"column":6},"end":{"line":62,"column":null}},"20":{"start":{"line":56,"column":19},"end":{"line":56,"column":22}},"21":{"start":{"line":57,"column":8},"end":{"line":61,"column":null}},"22":{"start":{"line":58,"column":10},"end":{"line":58,"column":null}},"23":{"start":{"line":59,"column":10},"end":{"line":59,"column":null}},"24":{"start":{"line":60,"column":10},"end":{"line":60,"column":null}},"25":{"start":{"line":63,"column":6},"end":{"line":65,"column":null}},"26":{"start":{"line":64,"column":8},"end":{"line":64,"column":null}},"27":{"start":{"line":73,"column":4},"end":{"line":73,"column":null}}},"fnMap":{"0":{"name":"constructor","decl":{"start":{"line":17,"column":2},"end":{"line":17,"column":14}},"loc":{"start":{"line":17,"column":62},"end":{"line":67,"column":null}},"line":17},"1":{"name":"(anonymous_1)","decl":{"start":{"line":40,"column":14},"end":{"line":40,"column":15}},"loc":{"start":{"line":40,"column":27},"end":{"line":66,"column":null}},"line":40},"2":{"name":"(anonymous_2)","decl":{"start":{"line":41,"column":45},"end":{"line":41,"column":46}},"loc":{"start":{"line":41,"column":46},"end":{"line":41,"column":69}},"line":41},"3":{"name":"finish","decl":{"start":{"line":72,"column":2},"end":{"line":72,"column":11}},"loc":{"start":{"line":72,"column":11},"end":{"line":75,"column":null}},"line":72}},"branchMap":{"0":{"loc":{"start":{"line":42,"column":6},"end":{"line":53,"column":null}},"type":"if","locations":[{"start":{"line":42,"column":6},"end":{"line":53,"column":null}},{"start":{"line":44,"column":13},"end":{"line":53,"column":null}}],"line":42},"1":{"loc":{"start":{"line":48,"column":10},"end":{"line":51,"column":null}},"type":"if","locations":[{"start":{"line":48,"column":10},"end":{"line":51,"column":null}},{"start":{},"end":{}}],"line":48},"2":{"loc":{"start":{"line":48,"column":14},"end":{"line":48,"column":72}},"type":"binary-expr","locations":[{"start":{"line":48,"column":14},"end":{"line":48,"column":24}},{"start":{"line":48,"column":14},"end":{"line":48,"column":49}},{"start":{"line":48,"column":49},"end":{"line":48,"column":72}}],"line":48},"3":{"loc":{"start":{"line":57,"column":8},"end":{"line":61,"column":null}},"type":"if","locations":[{"start":{"line":57,"column":8},"end":{"line":61,"column":null}},{"start":{},"end":{}}],"line":57},"4":{"loc":{"start":{"line":63,"column":6},"end":{"line":65,"column":null}},"type":"if","locations":[{"start":{"line":63,"column":6},"end":{"line":65,"column":null}},{"start":{},"end":{}}],"line":63}},"s":{"0":5,"1":2069,"2":2069,"3":2069,"4":2069,"5":2069,"6":2069,"7":99,"8":126,"9":99,"10":99,"11":0,"12":0,"13":0,"14":0,"15":0,"16":0,"17":99,"18":99,"19":99,"20":99,"21":111,"22":97,"23":97,"24":97,"25":99,"26":2,"27":34},"f":{"0":2069,"1":99,"2":126,"3":34},"b":{"0":[99,0],"1":[0,0],"2":[0,0,0],"3":[97,14],"4":[2,97]},"meta":{"lastBranch":5,"lastFunction":4,"lastStatement":28,"seen":{"s:5:20:5:Infinity":0,"f:17:2:17:14":0,"s:21:4:21:Infinity":1,"s:25:4:25:Infinity":2,"s:26:4:26:Infinity":3,"s:30:4:30:Infinity":4,"s:34:4:34:Infinity":5,"s:40:4:66:Infinity":6,"f:40:14:40:15":1,"s:41:18:41:Infinity":7,"f:41:45:41:46":2,"s:41:46:41:69":8,"b:42:6:53:Infinity:44:13:53:Infinity":0,"s:42:6:53:Infinity":9,"s:43:8:43:Infinity":10,"s:46:8:52:Infinity":11,"s:46:21:46:24":12,"s:47:24:47:Infinity":13,"b:48:10:51:Infinity:undefined:undefined:undefined:undefined":1,"s:48:10:51:Infinity":14,"b:48:14:48:24:48:14:48:49:48:49:48:72":2,"s:49:12:49:Infinity":15,"s:50:12:50:Infinity":16,"s:54:6:54:Infinity":17,"s:55:18:55:Infinity":18,"s:56:6:62:Infinity":19,"s:56:19:56:22":20,"b:57:8:61:Infinity:undefined:undefined:undefined:undefined":3,"s:57:8:61:Infinity":21,"s:58:10:58:Infinity":22,"s:59:10:59:Infinity":23,"s:60:10:60:Infinity":24,"b:63:6:65:Infinity:undefined:undefined:undefined:undefined":4,"s:63:6:65:Infinity":25,"s:64:8:64:Infinity":26,"f:72:2:72:11":3,"s:73:4:73:Infinity":27},"fnNames":{}}}
,"C:\\Users\\asvav\\OneDrive\\Documents\\www\\pachisi\\src\\lib\\player.ts": {"path":"C:\\Users\\asvav\\OneDrive\\Documents\\www\\pachisi\\src\\lib\\player.ts","statementMap":{"0":{"start":{"line":7,"column":7},"end":{"line":7,"column":null}},"1":{"start":{"line":8,"column":2},"end":{"line":8,"column":null}},"2":{"start":{"line":9,"column":2},"end":{"line":9,"column":null}},"3":{"start":{"line":10,"column":2},"end":{"line":10,"column":null}},"4":{"start":{"line":11,"column":2},"end":{"line":11,"column":null}},"5":{"start":{"line":7,"column":12},"end":{"line":7,"column":null}},"6":{"start":{"line":28,"column":24},"end":{"line":28,"column":null}},"7":{"start":{"line":33,"column":14},"end":{"line":33,"column":null}},"8":{"start":{"line":44,"column":4},"end":{"line":44,"column":null}},"9":{"start":{"line":48,"column":4},"end":{"line":48,"column":null}},"10":{"start":{"line":52,"column":4},"end":{"line":52,"column":null}},"11":{"start":{"line":56,"column":4},"end":{"line":56,"column":null}},"12":{"start":{"line":60,"column":4},"end":{"line":60,"column":null}},"13":{"start":{"line":64,"column":4},"end":{"line":64,"column":null}},"14":{"start":{"line":65,"column":4},"end":{"line":65,"column":null}},"15":{"start":{"line":70,"column":4},"end":{"line":75,"column":null}},"16":{"start":{"line":85,"column":31},"end":{"line":85,"column":null}},"17":{"start":{"line":86,"column":20},"end":{"line":86,"column":null}},"18":{"start":{"line":88,"column":4},"end":{"line":97,"column":null}},"19":{"start":{"line":89,"column":6},"end":{"line":89,"column":null}},"20":{"start":{"line":89,"column":25},"end":{"line":89,"column":null}},"21":{"start":{"line":90,"column":6},"end":{"line":90,"column":null}},"22":{"start":{"line":90,"column":22},"end":{"line":90,"column":null}},"23":{"start":{"line":92,"column":20},"end":{"line":92,"column":null}},"24":{"start":{"line":93,"column":6},"end":{"line":96,"column":null}},"25":{"start":{"line":94,"column":8},"end":{"line":94,"column":null}},"26":{"start":{"line":95,"column":8},"end":{"line":95,"column":null}},"27":{"start":{"line":99,"column":4},"end":{"line":99,"column":null}},"28":{"start":{"line":107,"column":4},"end":{"line":111,"column":null}},"29":{"start":{"line":109,"column":18},"end":{"line":109,"column":null}},"30":{"start":{"line":110,"column":6},"end":{"line":110,"column":null}},"31":{"start":{"line":113,"column":4},"end":{"line":116,"column":null}},"32":{"start":{"line":115,"column":6},"end":{"line":115,"column":null}},"33":{"start":{"line":119,"column":25},"end":{"line":119,"column":null}},"34":{"start":{"line":120,"column":4},"end":{"line":122,"column":null}},"35":{"start":{"line":121,"column":6},"end":{"line":121,"column":null}},"36":{"start":{"line":124,"column":22},"end":{"line":124,"column":null}},"37":{"start":{"line":125,"column":23},"end":{"line":125,"column":null}},"38":{"start":{"line":126,"column":23},"end":{"line":126,"column":null}},"39":{"start":{"line":127,"column":24},"end":{"line":127,"column":null}},"40":{"start":{"line":130,"column":10},"end":{"line":130,"column":null}},"41":{"start":{"line":133,"column":4},"end":{"line":133,"column":null}}},"fnMap":{"0":{"name":"(anonymous_0)","decl":{"start":{"line":7,"column":7},"end":{"line":7,"column":12}},"loc":{"start":{"line":7,"column":7},"end":{"line":7,"column":null}},"line":7},"1":{"name":"constructor","decl":{"start":{"line":40,"column":2},"end":{"line":40,"column":14}},"loc":{"start":{"line":40,"column":60},"end":{"line":76,"column":null}},"line":40},"2":{"name":"getClosestToFinishChip","decl":{"start":{"line":84,"column":2},"end":{"line":84,"column":40}},"loc":{"start":{"line":84,"column":40},"end":{"line":100,"column":null}},"line":84},"3":{"name":"getChipProximityScore","decl":{"start":{"line":106,"column":2},"end":{"line":106,"column":24}},"loc":{"start":{"line":106,"column":44},"end":{"line":134,"column":null}},"line":106}},"branchMap":{"0":{"loc":{"start":{"line":7,"column":12},"end":{"line":7,"column":null}},"type":"binary-expr","locations":[{"start":{"line":7,"column":12},"end":{"line":7,"column":null}},{"start":{"line":7,"column":12},"end":{"line":7,"column":null}}],"line":7},"1":{"loc":{"start":{"line":89,"column":6},"end":{"line":89,"column":null}},"type":"if","locations":[{"start":{"line":89,"column":6},"end":{"line":89,"column":null}},{"start":{},"end":{}}],"line":89},"2":{"loc":{"start":{"line":90,"column":6},"end":{"line":90,"column":null}},"type":"if","locations":[{"start":{"line":90,"column":6},"end":{"line":90,"column":null}},{"start":{},"end":{}}],"line":90},"3":{"loc":{"start":{"line":93,"column":6},"end":{"line":96,"column":null}},"type":"if","locations":[{"start":{"line":93,"column":6},"end":{"line":96,"column":null}},{"start":{},"end":{}}],"line":93},"4":{"loc":{"start":{"line":107,"column":4},"end":{"line":111,"column":null}},"type":"if","locations":[{"start":{"line":107,"column":4},"end":{"line":111,"column":null}},{"start":{},"end":{}}],"line":107},"5":{"loc":{"start":{"line":113,"column":4},"end":{"line":116,"column":null}},"type":"if","locations":[{"start":{"line":113,"column":4},"end":{"line":116,"column":null}},{"start":{},"end":{}}],"line":113},"6":{"loc":{"start":{"line":120,"column":4},"end":{"line":122,"column":null}},"type":"if","locations":[{"start":{"line":120,"column":4},"end":{"line":122,"column":null}},{"start":{},"end":{}}],"line":120},"7":{"loc":{"start":{"line":120,"column":8},"end":{"line":120,"column":69}},"type":"binary-expr","locations":[{"start":{"line":120,"column":8},"end":{"line":120,"column":25}},{"start":{"line":120,"column":25},"end":{"line":120,"column":69}}],"line":120}},"s":{"0":5,"1":5,"2":5,"3":5,"4":5,"5":5,"6":513,"7":513,"8":513,"9":513,"10":513,"11":513,"12":513,"13":513,"14":513,"15":513,"16":6,"17":6,"18":6,"19":24,"20":5,"21":19,"22":1,"23":18,"24":18,"25":5,"26":5,"27":6,"28":22,"29":2,"30":2,"31":20,"32":17,"33":3,"34":22,"35":1,"36":2,"37":2,"38":2,"39":2,"40":2,"41":2},"f":{"0":5,"1":513,"2":6,"3":22},"b":{"0":[5,5],"1":[5,19],"2":[1,18],"3":[5,13],"4":[2,20],"5":[17,3],"6":[1,21],"7":[22,2]},"meta":{"lastBranch":8,"lastFunction":4,"lastStatement":42,"seen":{"s:7:7:7:Infinity":0,"f:7:7:7:12":0,"s:8:2:8:Infinity":1,"s:9:2:9:Infinity":2,"s:10:2:10:Infinity":3,"s:11:2:11:Infinity":4,"s:7:12:7:Infinity":5,"b:7:12:7:Infinity:7:12:7:Infinity":0,"s:28:24:28:Infinity":6,"s:33:14:33:Infinity":7,"f:40:2:40:14":1,"s:44:4:44:Infinity":8,"s:48:4:48:Infinity":9,"s:52:4:52:Infinity":10,"s:56:4:56:Infinity":11,"s:60:4:60:Infinity":12,"s:64:4:64:Infinity":13,"s:65:4:65:Infinity":14,"s:70:4:75:Infinity":15,"f:84:2:84:40":2,"s:85:31:85:Infinity":16,"s:86:20:86:Infinity":17,"s:88:4:97:Infinity":18,"b:89:6:89:Infinity:undefined:undefined:undefined:undefined":1,"s:89:6:89:Infinity":19,"s:89:25:89:Infinity":20,"b:90:6:90:Infinity:undefined:undefined:undefined:undefined":2,"s:90:6:90:Infinity":21,"s:90:22:90:Infinity":22,"s:92:20:92:Infinity":23,"b:93:6:96:Infinity:undefined:undefined:undefined:undefined":3,"s:93:6:96:Infinity":24,"s:94:8:94:Infinity":25,"s:95:8:95:Infinity":26,"s:99:4:99:Infinity":27,"f:106:2:106:24":3,"b:107:4:111:Infinity:undefined:undefined:undefined:undefined":4,"s:107:4:111:Infinity":28,"s:109:18:109:Infinity":29,"s:110:6:110:Infinity":30,"b:113:4:116:Infinity:undefined:undefined:undefined:undefined":5,"s:113:4:116:Infinity":31,"s:115:6:115:Infinity":32,"s:119:25:119:Infinity":33,"b:120:4:122:Infinity:undefined:undefined:undefined:undefined":6,"s:120:4:122:Infinity":34,"b:120:8:120:25:120:25:120:69":7,"s:121:6:121:Infinity":35,"s:124:22:124:Infinity":36,"s:125:23:125:Infinity":37,"s:126:23:126:Infinity":38,"s:127:24:127:Infinity":39,"s:130:10:130:Infinity":40,"s:133:4:133:Infinity":41},"fnNames":{}}}
,"C:\\Users\\asvav\\OneDrive\\Documents\\www\\pachisi\\src\\stores\\board.ts": {"path":"C:\\Users\\asvav\\OneDrive\\Documents\\www\\pachisi\\src\\stores\\board.ts","statementMap":{"0":{"start":{"line":11,"column":13},"end":{"line":79,"column":null}},"1":{"start":{"line":12,"column":8},"end":{"line":12,"column":null}},"2":{"start":{"line":13,"column":18},"end":{"line":13,"column":null}},"3":{"start":{"line":18,"column":54},"end":{"line":31,"column":null}},"4":{"start":{"line":41,"column":14},"end":{"line":50,"column":null}},"5":{"start":{"line":55,"column":16},"end":{"line":55,"column":null}},"6":{"start":{"line":60,"column":2},"end":{"line":71,"column":null}},"7":{"start":{"line":62,"column":4},"end":{"line":62,"column":null}},"8":{"start":{"line":65,"column":4},"end":{"line":70,"column":null}},"9":{"start":{"line":66,"column":6},"end":{"line":69,"column":null}},"10":{"start":{"line":67,"column":8},"end":{"line":67,"column":null}},"11":{"start":{"line":68,"column":8},"end":{"line":68,"column":null}},"12":{"start":{"line":73,"column":8},"end":{"line":73,"column":null}},"13":{"start":{"line":73,"column":38},"end":{"line":73,"column":69}},"14":{"start":{"line":73,"column":57},"end":{"line":73,"column":68}},"15":{"start":{"line":75,"column":2},"end":{"line":78,"column":null}}},"fnMap":{"0":{"name":"(anonymous_0)","decl":{"start":{"line":11,"column":50},"end":{"line":11,"column":56}},"loc":{"start":{"line":11,"column":56},"end":{"line":79,"column":1}},"line":11},"1":{"name":"(anonymous_1)","decl":{"start":{"line":60,"column":18},"end":{"line":60,"column":28}},"loc":{"start":{"line":60,"column":36},"end":{"line":71,"column":3}},"line":60},"2":{"name":"(anonymous_2)","decl":{"start":{"line":73,"column":32},"end":{"line":73,"column":38}},"loc":{"start":{"line":73,"column":38},"end":{"line":73,"column":69}},"line":73},"3":{"name":"(anonymous_3)","decl":{"start":{"line":73,"column":50},"end":{"line":73,"column":51}},"loc":{"start":{"line":73,"column":57},"end":{"line":73,"column":68}},"line":73}},"branchMap":{"0":{"loc":{"start":{"line":66,"column":6},"end":{"line":69,"column":null}},"type":"if","locations":[{"start":{"line":66,"column":6},"end":{"line":69,"column":null}},{"start":{},"end":{}}],"line":66}},"s":{"0":2,"1":100,"2":100,"3":100,"4":100,"5":100,"6":100,"7":400,"8":400,"9":2000,"10":400,"11":400,"12":100,"13":1,"14":4,"15":100},"f":{"0":100,"1":400,"2":1,"3":4},"b":{"0":[400,1600]},"meta":{"lastBranch":1,"lastFunction":4,"lastStatement":16,"seen":{"s:11:13:79:Infinity":0,"f:11:50:11:56":0,"s:12:8:12:Infinity":1,"s:13:18:13:Infinity":2,"s:18:54:31:Infinity":3,"s:41:14:50:Infinity":4,"s:55:16:55:Infinity":5,"s:60:2:71:Infinity":6,"f:60:18:60:28":1,"s:62:4:62:Infinity":7,"s:65:4:70:Infinity":8,"b:66:6:69:Infinity:undefined:undefined:undefined:undefined":0,"s:66:6:69:Infinity":9,"s:67:8:67:Infinity":10,"s:68:8:68:Infinity":11,"s:73:8:73:Infinity":12,"f:73:32:73:38":2,"s:73:38:73:69":13,"f:73:50:73:51":3,"s:73:57:73:68":14,"s:75:2:78:Infinity":15},"fnNames":{}}}
,"C:\\Users\\asvav\\OneDrive\\Documents\\www\\pachisi\\src\\stores\\dice.ts": {"path":"C:\\Users\\asvav\\OneDrive\\Documents\\www\\pachisi\\src\\stores\\dice.ts","statementMap":{"0":{"start":{"line":7,"column":13},"end":{"line":104,"column":null}},"1":{"start":{"line":8,"column":24},"end":{"line":8,"column":null}},"2":{"start":{"line":9,"column":26},"end":{"line":9,"column":null}},"3":{"start":{"line":11,"column":8},"end":{"line":11,"column":null}},"4":{"start":{"line":12,"column":8},"end":{"line":12,"column":null}},"5":{"start":{"line":18,"column":22},"end":{"line":40,"column":null}},"6":{"start":{"line":19,"column":25},"end":{"line":19,"column":null}},"7":{"start":{"line":20,"column":4},"end":{"line":22,"column":null}},"8":{"start":{"line":21,"column":6},"end":{"line":21,"column":null}},"9":{"start":{"line":23,"column":4},"end":{"line":32,"column":null}},"10":{"start":{"line":24,"column":6},"end":{"line":31,"column":null}},"11":{"start":{"line":25,"column":22},"end":{"line":25,"column":null}},"12":{"start":{"line":26,"column":8},"end":{"line":30,"column":null}},"13":{"start":{"line":27,"column":10},"end":{"line":27,"column":null}},"14":{"start":{"line":29,"column":10},"end":{"line":29,"column":null}},"15":{"start":{"line":33,"column":29},"end":{"line":33,"column":null}},"16":{"start":{"line":34,"column":4},"end":{"line":38,"column":null}},"17":{"start":{"line":35,"column":6},"end":{"line":37,"column":null}},"18":{"start":{"line":35,"column":19},"end":{"line":35,"column":22}},"19":{"start":{"line":36,"column":8},"end":{"line":36,"column":null}},"20":{"start":{"line":39,"column":4},"end":{"line":39,"column":null}},"21":{"start":{"line":42,"column":8},"end":{"line":42,"column":null}},"22":{"start":{"line":42,"column":29},"end":{"line":42,"column":75}},"23":{"start":{"line":42,"column":62},"end":{"line":42,"column":73}},"24":{"start":{"line":43,"column":8},"end":{"line":43,"column":null}},"25":{"start":{"line":43,"column":35},"end":{"line":43,"column":82}},"26":{"start":{"line":43,"column":69},"end":{"line":43,"column":80}},"27":{"start":{"line":45,"column":15},"end":{"line":48,"column":null}},"28":{"start":{"line":46,"column":4},"end":{"line":46,"column":null}},"29":{"start":{"line":47,"column":4},"end":{"line":47,"column":null}},"30":{"start":{"line":47,"column":54},"end":{"line":47,"column":87}},"31":{"start":{"line":50,"column":14},"end":{"line":57,"column":null}},"32":{"start":{"line":52,"column":4},"end":{"line":56,"column":null}},"33":{"start":{"line":53,"column":6},"end":{"line":53,"column":null}},"34":{"start":{"line":54,"column":4},"end":{"line":56,"column":null}},"35":{"start":{"line":55,"column":6},"end":{"line":55,"column":null}},"36":{"start":{"line":59,"column":8},"end":{"line":59,"column":null}},"37":{"start":{"line":59,"column":32},"end":{"line":59,"column":68}},"38":{"start":{"line":61,"column":8},"end":{"line":63,"column":null}},"39":{"start":{"line":62,"column":4},"end":{"line":62,"column":null}},"40":{"start":{"line":65,"column":16},"end":{"line":68,"column":null}},"41":{"start":{"line":66,"column":4},"end":{"line":66,"column":null}},"42":{"start":{"line":67,"column":4},"end":{"line":67,"column":null}},"43":{"start":{"line":71,"column":8},"end":{"line":71,"column":null}},"44":{"start":{"line":71,"column":34},"end":{"line":71,"column":55}},"45":{"start":{"line":74,"column":8},"end":{"line":74,"column":null}},"46":{"start":{"line":74,"column":34},"end":{"line":74,"column":48}},"47":{"start":{"line":77,"column":8},"end":{"line":77,"column":null}},"48":{"start":{"line":77,"column":32},"end":{"line":77,"column":53}},"49":{"start":{"line":79,"column":16},"end":{"line":79,"column":null}},"50":{"start":{"line":79,"column":35},"end":{"line":79,"column":null}},"51":{"start":{"line":81,"column":8},"end":{"line":83,"column":null}},"52":{"start":{"line":82,"column":10},"end":{"line":82,"column":null}},"53":{"start":{"line":82,"column":64},"end":{"line":82,"column":87}},"54":{"start":{"line":85,"column":8},"end":{"line":85,"column":null}},"55":{"start":{"line":85,"column":32},"end":{"line":85,"column":54}},"56":{"start":{"line":87,"column":2},"end":{"line":103,"column":null}}},"fnMap":{"0":{"name":"(anonymous_0)","decl":{"start":{"line":7,"column":48},"end":{"line":7,"column":54}},"loc":{"start":{"line":7,"column":54},"end":{"line":104,"column":1}},"line":7},"1":{"name":"(anonymous_1)","decl":{"start":{"line":18,"column":22},"end":{"line":18,"column":23}},"loc":{"start":{"line":18,"column":64},"end":{"line":40,"column":null}},"line":18},"2":{"name":"(anonymous_2)","decl":{"start":{"line":42,"column":23},"end":{"line":42,"column":29}},"loc":{"start":{"line":42,"column":29},"end":{"line":42,"column":75}},"line":42},"3":{"name":"(anonymous_3)","decl":{"start":{"line":42,"column":48},"end":{"line":42,"column":49}},"loc":{"start":{"line":42,"column":62},"end":{"line":42,"column":73}},"line":42},"4":{"name":"(anonymous_4)","decl":{"start":{"line":43,"column":29},"end":{"line":43,"column":35}},"loc":{"start":{"line":43,"column":35},"end":{"line":43,"column":82}},"line":43},"5":{"name":"(anonymous_5)","decl":{"start":{"line":43,"column":55},"end":{"line":43,"column":56}},"loc":{"start":{"line":43,"column":69},"end":{"line":43,"column":80}},"line":43},"6":{"name":"(anonymous_6)","decl":{"start":{"line":45,"column":15},"end":{"line":45,"column":21}},"loc":{"start":{"line":45,"column":21},"end":{"line":48,"column":null}},"line":45},"7":{"name":"(anonymous_7)","decl":{"start":{"line":47,"column":48},"end":{"line":47,"column":54}},"loc":{"start":{"line":47,"column":54},"end":{"line":47,"column":87}},"line":47},"8":{"name":"(anonymous_8)","decl":{"start":{"line":50,"column":14},"end":{"line":50,"column":15}},"loc":{"start":{"line":50,"column":32},"end":{"line":57,"column":null}},"line":50},"9":{"name":"(anonymous_9)","decl":{"start":{"line":59,"column":26},"end":{"line":59,"column":32}},"loc":{"start":{"line":59,"column":32},"end":{"line":59,"column":68}},"line":59},"10":{"name":"(anonymous_10)","decl":{"start":{"line":61,"column":29},"end":{"line":61,"column":35}},"loc":{"start":{"line":61,"column":35},"end":{"line":63,"column":3}},"line":61},"11":{"name":"(anonymous_11)","decl":{"start":{"line":65,"column":16},"end":{"line":65,"column":22}},"loc":{"start":{"line":65,"column":22},"end":{"line":68,"column":null}},"line":65},"12":{"name":"(anonymous_12)","decl":{"start":{"line":71,"column":28},"end":{"line":71,"column":34}},"loc":{"start":{"line":71,"column":34},"end":{"line":71,"column":55}},"line":71},"13":{"name":"(anonymous_13)","decl":{"start":{"line":74,"column":28},"end":{"line":74,"column":34}},"loc":{"start":{"line":74,"column":34},"end":{"line":74,"column":48}},"line":74},"14":{"name":"(anonymous_14)","decl":{"start":{"line":77,"column":26},"end":{"line":77,"column":32}},"loc":{"start":{"line":77,"column":32},"end":{"line":77,"column":53}},"line":77},"15":{"name":"(anonymous_15)","decl":{"start":{"line":79,"column":16},"end":{"line":79,"column":17}},"loc":{"start":{"line":79,"column":35},"end":{"line":79,"column":null}},"line":79},"16":{"name":"(anonymous_16)","decl":{"start":{"line":82,"column":4},"end":{"line":82,"column":10}},"loc":{"start":{"line":82,"column":10},"end":{"line":82,"column":null}},"line":82},"17":{"name":"(anonymous_17)","decl":{"start":{"line":82,"column":54},"end":{"line":82,"column":55}},"loc":{"start":{"line":82,"column":64},"end":{"line":82,"column":87}},"line":82},"18":{"name":"(anonymous_18)","decl":{"start":{"line":85,"column":26},"end":{"line":85,"column":32}},"loc":{"start":{"line":85,"column":32},"end":{"line":85,"column":54}},"line":85}},"branchMap":{"0":{"loc":{"start":{"line":21,"column":29},"end":{"line":21,"column":59}},"type":"binary-expr","locations":[{"start":{"line":21,"column":29},"end":{"line":21,"column":54}},{"start":{"line":21,"column":54},"end":{"line":21,"column":59}}],"line":21},"1":{"loc":{"start":{"line":24,"column":6},"end":{"line":31,"column":null}},"type":"if","locations":[{"start":{"line":24,"column":6},"end":{"line":31,"column":null}},{"start":{},"end":{}}],"line":24},"2":{"loc":{"start":{"line":26,"column":8},"end":{"line":30,"column":null}},"type":"if","locations":[{"start":{"line":26,"column":8},"end":{"line":30,"column":null}},{"start":{"line":28,"column":15},"end":{"line":30,"column":null}}],"line":26},"3":{"loc":{"start":{"line":52,"column":4},"end":{"line":56,"column":null}},"type":"if","locations":[{"start":{"line":52,"column":4},"end":{"line":56,"column":null}},{"start":{"line":54,"column":4},"end":{"line":56,"column":null}}],"line":52},"4":{"loc":{"start":{"line":54,"column":4},"end":{"line":56,"column":null}},"type":"if","locations":[{"start":{"line":54,"column":4},"end":{"line":56,"column":null}},{"start":{},"end":{}}],"line":54},"5":{"loc":{"start":{"line":62,"column":11},"end":{"line":62,"column":null}},"type":"cond-expr","locations":[{"start":{"line":62,"column":35},"end":{"line":62,"column":78}},{"start":{"line":62,"column":78},"end":{"line":62,"column":null}}],"line":62},"6":{"loc":{"start":{"line":82,"column":10},"end":{"line":82,"column":null}},"type":"binary-expr","locations":[{"start":{"line":82,"column":10},"end":{"line":82,"column":36}},{"start":{"line":82,"column":36},"end":{"line":82,"column":null}}],"line":82}},"s":{"0":2,"1":110,"2":110,"3":110,"4":110,"5":110,"6":70,"7":70,"8":142,"9":70,"10":24,"11":24,"12":24,"13":17,"14":7,"15":70,"16":70,"17":100,"18":100,"19":118,"20":70,"21":110,"22":30,"23":60,"24":110,"25":56,"26":97,"27":110,"28":19,"29":19,"30":38,"31":110,"32":20,"33":15,"34":5,"35":4,"36":110,"37":70,"38":110,"39":3,"40":110,"41":92,"42":92,"43":110,"44":2,"45":110,"46":10,"47":110,"48":3,"49":110,"50":223,"51":110,"52":49,"53":96,"54":110,"55":2,"56":110},"f":{"0":110,"1":70,"2":30,"3":60,"4":56,"5":97,"6":19,"7":38,"8":20,"9":70,"10":3,"11":92,"12":2,"13":10,"14":3,"15":223,"16":49,"17":96,"18":2},"b":{"0":[142,117],"1":[24,0],"2":[17,7],"3":[15,5],"4":[4,1],"5":[2,1],"6":[49,48]},"meta":{"lastBranch":7,"lastFunction":19,"lastStatement":57,"seen":{"s:7:13:104:Infinity":0,"f:7:48:7:54":0,"s:8:24:8:Infinity":1,"s:9:26:9:Infinity":2,"s:11:8:11:Infinity":3,"s:12:8:12:Infinity":4,"s:18:22:40:Infinity":5,"f:18:22:18:23":1,"s:19:25:19:Infinity":6,"s:20:4:22:Infinity":7,"s:21:6:21:Infinity":8,"b:21:29:21:54:21:54:21:59":0,"s:23:4:32:Infinity":9,"b:24:6:31:Infinity:undefined:undefined:undefined:undefined":1,"s:24:6:31:Infinity":10,"s:25:22:25:Infinity":11,"b:26:8:30:Infinity:28:15:30:Infinity":2,"s:26:8:30:Infinity":12,"s:27:10:27:Infinity":13,"s:29:10:29:Infinity":14,"s:33:29:33:Infinity":15,"s:34:4:38:Infinity":16,"s:35:6:37:Infinity":17,"s:35:19:35:22":18,"s:36:8:36:Infinity":19,"s:39:4:39:Infinity":20,"s:42:8:42:Infinity":21,"f:42:23:42:29":2,"s:42:29:42:75":22,"f:42:48:42:49":3,"s:42:62:42:73":23,"s:43:8:43:Infinity":24,"f:43:29:43:35":4,"s:43:35:43:82":25,"f:43:55:43:56":5,"s:43:69:43:80":26,"s:45:15:48:Infinity":27,"f:45:15:45:21":6,"s:46:4:46:Infinity":28,"s:47:4:47:Infinity":29,"f:47:48:47:54":7,"s:47:54:47:87":30,"s:50:14:57:Infinity":31,"f:50:14:50:15":8,"b:52:4:56:Infinity:54:4:56:Infinity":3,"s:52:4:56:Infinity":32,"s:53:6:53:Infinity":33,"b:54:4:56:Infinity:undefined:undefined:undefined:undefined":4,"s:54:4:56:Infinity":34,"s:55:6:55:Infinity":35,"s:59:8:59:Infinity":36,"f:59:26:59:32":9,"s:59:32:59:68":37,"s:61:8:63:Infinity":38,"f:61:29:61:35":10,"s:62:4:62:Infinity":39,"b:62:35:62:78:62:78:62:Infinity":5,"s:65:16:68:Infinity":40,"f:65:16:65:22":11,"s:66:4:66:Infinity":41,"s:67:4:67:Infinity":42,"s:71:8:71:Infinity":43,"f:71:28:71:34":12,"s:71:34:71:55":44,"s:74:8:74:Infinity":45,"f:74:28:74:34":13,"s:74:34:74:48":46,"s:77:8:77:Infinity":47,"f:77:26:77:32":14,"s:77:32:77:53":48,"s:79:16:79:Infinity":49,"f:79:16:79:17":15,"s:79:35:79:Infinity":50,"s:81:8:83:Infinity":51,"f:82:4:82:10":16,"s:82:10:82:Infinity":52,"b:82:10:82:36:82:36:82:Infinity":6,"f:82:54:82:55":17,"s:82:64:82:87":53,"s:85:8:85:Infinity":54,"f:85:26:85:32":18,"s:85:32:85:54":55,"s:87:2:103:Infinity":56},"fnNames":{}}}
,"C:\\Users\\asvav\\OneDrive\\Documents\\www\\pachisi\\src\\stores\\game.ts": {"path":"C:\\Users\\asvav\\OneDrive\\Documents\\www\\pachisi\\src\\stores\\game.ts","statementMap":{"0":{"start":{"line":28,"column":13},"end":{"line":985,"column":null}},"1":{"start":{"line":29,"column":8},"end":{"line":29,"column":null}},"2":{"start":{"line":30,"column":8},"end":{"line":30,"column":null}},"3":{"start":{"line":31,"column":8},"end":{"line":31,"column":null}},"4":{"start":{"line":36,"column":8},"end":{"line":36,"column":null}},"5":{"start":{"line":40,"column":8},"end":{"line":40,"column":null}},"6":{"start":{"line":40,"column":31},"end":{"line":40,"column":59}},"7":{"start":{"line":42,"column":8},"end":{"line":42,"column":null}},"8":{"start":{"line":44,"column":8},"end":{"line":44,"column":null}},"9":{"start":{"line":47,"column":8},"end":{"line":50,"column":null}},"10":{"start":{"line":52,"column":23},"end":{"line":72,"column":null}},"11":{"start":{"line":58,"column":4},"end":{"line":58,"column":null}},"12":{"start":{"line":58,"column":24},"end":{"line":58,"column":null}},"13":{"start":{"line":59,"column":30},"end":{"line":64,"column":null}},"14":{"start":{"line":65,"column":4},"end":{"line":67,"column":null}},"15":{"start":{"line":66,"column":6},"end":{"line":66,"column":null}},"16":{"start":{"line":68,"column":4},"end":{"line":68,"column":null}},"17":{"start":{"line":69,"column":4},"end":{"line":71,"column":null}},"18":{"start":{"line":70,"column":6},"end":{"line":70,"column":null}},"19":{"start":{"line":74,"column":24},"end":{"line":76,"column":null}},"20":{"start":{"line":75,"column":4},"end":{"line":75,"column":null}},"21":{"start":{"line":82,"column":8},"end":{"line":89,"column":null}},"22":{"start":{"line":83,"column":15},"end":{"line":83,"column":null}},"23":{"start":{"line":85,"column":6},"end":{"line":87,"column":null}},"24":{"start":{"line":86,"column":8},"end":{"line":86,"column":null}},"25":{"start":{"line":94,"column":8},"end":{"line":94,"column":null}},"26":{"start":{"line":98,"column":8},"end":{"line":98,"column":null}},"27":{"start":{"line":103,"column":8},"end":{"line":103,"column":null}},"28":{"start":{"line":108,"column":8},"end":{"line":108,"column":null}},"29":{"start":{"line":114,"column":8},"end":{"line":114,"column":null}},"30":{"start":{"line":119,"column":8},"end":{"line":119,"column":null}},"31":{"start":{"line":124,"column":19},"end":{"line":137,"column":null}},"32":{"start":{"line":125,"column":4},"end":{"line":125,"column":null}},"33":{"start":{"line":126,"column":4},"end":{"line":126,"column":null}},"34":{"start":{"line":127,"column":4},"end":{"line":127,"column":null}},"35":{"start":{"line":128,"column":4},"end":{"line":128,"column":null}},"36":{"start":{"line":129,"column":4},"end":{"line":129,"column":null}},"37":{"start":{"line":130,"column":4},"end":{"line":130,"column":null}},"38":{"start":{"line":131,"column":4},"end":{"line":131,"column":null}},"39":{"start":{"line":132,"column":4},"end":{"line":132,"column":null}},"40":{"start":{"line":133,"column":4},"end":{"line":133,"column":null}},"41":{"start":{"line":134,"column":4},"end":{"line":134,"column":null}},"42":{"start":{"line":135,"column":4},"end":{"line":135,"column":null}},"43":{"start":{"line":136,"column":4},"end":{"line":136,"column":null}},"44":{"start":{"line":142,"column":19},"end":{"line":198,"column":null}},"45":{"start":{"line":143,"column":4},"end":{"line":143,"column":null}},"46":{"start":{"line":144,"column":4},"end":{"line":144,"column":null}},"47":{"start":{"line":145,"column":4},"end":{"line":148,"column":null}},"48":{"start":{"line":151,"column":4},"end":{"line":154,"column":null}},"49":{"start":{"line":152,"column":6},"end":{"line":152,"column":null}},"50":{"start":{"line":153,"column":6},"end":{"line":153,"column":null}},"51":{"start":{"line":157,"column":4},"end":{"line":178,"column":null}},"52":{"start":{"line":158,"column":6},"end":{"line":158,"column":null}},"53":{"start":{"line":159,"column":6},"end":{"line":161,"column":null}},"54":{"start":{"line":163,"column":6},"end":{"line":167,"column":null}},"55":{"start":{"line":165,"column":8},"end":{"line":165,"column":null}},"56":{"start":{"line":166,"column":8},"end":{"line":166,"column":null}},"57":{"start":{"line":168,"column":6},"end":{"line":173,"column":null}},"58":{"start":{"line":169,"column":8},"end":{"line":169,"column":null}},"59":{"start":{"line":170,"column":8},"end":{"line":170,"column":null}},"60":{"start":{"line":171,"column":8},"end":{"line":171,"column":null}},"61":{"start":{"line":172,"column":8},"end":{"line":172,"column":null}},"62":{"start":{"line":175,"column":6},"end":{"line":175,"column":null}},"63":{"start":{"line":176,"column":6},"end":{"line":176,"column":null}},"64":{"start":{"line":177,"column":6},"end":{"line":177,"column":null}},"65":{"start":{"line":180,"column":4},"end":{"line":197,"column":null}},"66":{"start":{"line":181,"column":6},"end":{"line":185,"column":null}},"67":{"start":{"line":186,"column":6},"end":{"line":186,"column":null}},"68":{"start":{"line":188,"column":6},"end":{"line":196,"column":null}},"69":{"start":{"line":189,"column":8},"end":{"line":189,"column":null}},"70":{"start":{"line":190,"column":8},"end":{"line":190,"column":null}},"71":{"start":{"line":191,"column":8},"end":{"line":191,"column":null}},"72":{"start":{"line":193,"column":8},"end":{"line":193,"column":null}},"73":{"start":{"line":195,"column":8},"end":{"line":195,"column":null}},"74":{"start":{"line":205,"column":32},"end":{"line":230,"column":null}},"75":{"start":{"line":206,"column":16},"end":{"line":206,"column":null}},"76":{"start":{"line":207,"column":4},"end":{"line":207,"column":null}},"77":{"start":{"line":208,"column":4},"end":{"line":213,"column":null}},"78":{"start":{"line":216,"column":4},"end":{"line":216,"column":null}},"79":{"start":{"line":219,"column":23},"end":{"line":219,"column":null}},"80":{"start":{"line":220,"column":19},"end":{"line":220,"column":null}},"81":{"start":{"line":221,"column":20},"end":{"line":221,"column":null}},"82":{"start":{"line":224,"column":4},"end":{"line":229,"column":null}},"83":{"start":{"line":225,"column":6},"end":{"line":225,"column":null}},"84":{"start":{"line":227,"column":6},"end":{"line":227,"column":null}},"85":{"start":{"line":228,"column":6},"end":{"line":228,"column":null}},"86":{"start":{"line":236,"column":28},"end":{"line":273,"column":null}},"87":{"start":{"line":237,"column":20},"end":{"line":237,"column":null}},"88":{"start":{"line":238,"column":23},"end":{"line":238,"column":null}},"89":{"start":{"line":241,"column":28},"end":{"line":241,"column":null}},"90":{"start":{"line":241,"column":50},"end":{"line":241,"column":60}},"91":{"start":{"line":242,"column":19},"end":{"line":242,"column":null}},"92":{"start":{"line":245,"column":41},"end":{"line":245,"column":null}},"93":{"start":{"line":245,"column":66},"end":{"line":245,"column":87}},"94":{"start":{"line":247,"column":4},"end":{"line":272,"column":null}},"95":{"start":{"line":249,"column":21},"end":{"line":249,"column":null}},"96":{"start":{"line":250,"column":6},"end":{"line":250,"column":null}},"97":{"start":{"line":251,"column":6},"end":{"line":251,"column":null}},"98":{"start":{"line":252,"column":6},"end":{"line":252,"column":null}},"99":{"start":{"line":253,"column":6},"end":{"line":253,"column":null}},"100":{"start":{"line":254,"column":6},"end":{"line":259,"column":null}},"101":{"start":{"line":262,"column":6},"end":{"line":267,"column":null}},"102":{"start":{"line":268,"column":6},"end":{"line":268,"column":null}},"103":{"start":{"line":269,"column":6},"end":{"line":269,"column":null}},"104":{"start":{"line":270,"column":6},"end":{"line":270,"column":null}},"105":{"start":{"line":278,"column":29},"end":{"line":308,"column":null}},"106":{"start":{"line":279,"column":19},"end":{"line":279,"column":null}},"107":{"start":{"line":280,"column":4},"end":{"line":283,"column":null}},"108":{"start":{"line":281,"column":6},"end":{"line":281,"column":null}},"109":{"start":{"line":282,"column":6},"end":{"line":282,"column":null}},"110":{"start":{"line":286,"column":4},"end":{"line":293,"column":null}},"111":{"start":{"line":287,"column":6},"end":{"line":291,"column":null}},"112":{"start":{"line":292,"column":6},"end":{"line":292,"column":null}},"113":{"start":{"line":296,"column":17},"end":{"line":296,"column":null}},"114":{"start":{"line":297,"column":4},"end":{"line":307,"column":null}},"115":{"start":{"line":298,"column":6},"end":{"line":303,"column":null}},"116":{"start":{"line":304,"column":6},"end":{"line":304,"column":null}},"117":{"start":{"line":306,"column":6},"end":{"line":306,"column":null}},"118":{"start":{"line":313,"column":26},"end":{"line":317,"column":null}},"119":{"start":{"line":315,"column":4},"end":{"line":315,"column":null}},"120":{"start":{"line":316,"column":4},"end":{"line":316,"column":null}},"121":{"start":{"line":322,"column":31},"end":{"line":326,"column":null}},"122":{"start":{"line":325,"column":4},"end":{"line":325,"column":null}},"123":{"start":{"line":331,"column":21},"end":{"line":343,"column":null}},"124":{"start":{"line":332,"column":23},"end":{"line":332,"column":null}},"125":{"start":{"line":333,"column":4},"end":{"line":333,"column":null}},"126":{"start":{"line":334,"column":4},"end":{"line":334,"column":null}},"127":{"start":{"line":335,"column":28},"end":{"line":335,"column":null}},"128":{"start":{"line":337,"column":4},"end":{"line":337,"column":null}},"129":{"start":{"line":338,"column":4},"end":{"line":338,"column":null}},"130":{"start":{"line":339,"column":4},"end":{"line":342,"column":null}},"131":{"start":{"line":350,"column":8},"end":{"line":352,"column":null}},"132":{"start":{"line":351,"column":4},"end":{"line":351,"column":null}},"133":{"start":{"line":360,"column":8},"end":{"line":365,"column":null}},"134":{"start":{"line":362,"column":6},"end":{"line":364,"column":null}},"135":{"start":{"line":364,"column":48},"end":{"line":364,"column":88}},"136":{"start":{"line":367,"column":8},"end":{"line":367,"column":null}},"137":{"start":{"line":367,"column":38},"end":{"line":367,"column":55}},"138":{"start":{"line":369,"column":8},"end":{"line":369,"column":null}},"139":{"start":{"line":369,"column":41},"end":{"line":369,"column":70}},"140":{"start":{"line":371,"column":8},"end":{"line":371,"column":null}},"141":{"start":{"line":371,"column":42},"end":{"line":371,"column":83}},"142":{"start":{"line":371,"column":75},"end":{"line":371,"column":82}},"143":{"start":{"line":374,"column":8},"end":{"line":395,"column":null}},"144":{"start":{"line":375,"column":30},"end":{"line":375,"column":null}},"145":{"start":{"line":376,"column":4},"end":{"line":376,"column":null}},"146":{"start":{"line":376,"column":29},"end":{"line":376,"column":null}},"147":{"start":{"line":377,"column":18},"end":{"line":377,"column":null}},"148":{"start":{"line":378,"column":4},"end":{"line":393,"column":null}},"149":{"start":{"line":379,"column":26},"end":{"line":379,"column":null}},"150":{"start":{"line":380,"column":6},"end":{"line":392,"column":null}},"151":{"start":{"line":381,"column":8},"end":{"line":391,"column":null}},"152":{"start":{"line":382,"column":22},"end":{"line":382,"column":null}},"153":{"start":{"line":383,"column":10},"end":{"line":383,"column":null}},"154":{"start":{"line":383,"column":26},"end":{"line":383,"column":null}},"155":{"start":{"line":384,"column":8},"end":{"line":391,"column":null}},"156":{"start":{"line":386,"column":22},"end":{"line":386,"column":null}},"157":{"start":{"line":387,"column":10},"end":{"line":390,"column":null}},"158":{"start":{"line":389,"column":12},"end":{"line":389,"column":null}},"159":{"start":{"line":394,"column":4},"end":{"line":394,"column":null}},"160":{"start":{"line":397,"column":26},"end":{"line":400,"column":null}},"161":{"start":{"line":398,"column":4},"end":{"line":398,"column":null}},"162":{"start":{"line":398,"column":15},"end":{"line":398,"column":null}},"163":{"start":{"line":399,"column":4},"end":{"line":399,"column":null}},"164":{"start":{"line":405,"column":26},"end":{"line":413,"column":null}},"165":{"start":{"line":406,"column":18},"end":{"line":406,"column":null}},"166":{"start":{"line":407,"column":28},"end":{"line":407,"column":null}},"167":{"start":{"line":408,"column":4},"end":{"line":410,"column":null}},"168":{"start":{"line":409,"column":6},"end":{"line":409,"column":null}},"169":{"start":{"line":412,"column":4},"end":{"line":412,"column":null}},"170":{"start":{"line":418,"column":34},"end":{"line":420,"column":null}},"171":{"start":{"line":419,"column":4},"end":{"line":419,"column":null}},"172":{"start":{"line":419,"column":60},"end":{"line":419,"column":83}},"173":{"start":{"line":425,"column":28},"end":{"line":448,"column":null}},"174":{"start":{"line":426,"column":28},"end":{"line":426,"column":null}},"175":{"start":{"line":427,"column":4},"end":{"line":427,"column":null}},"176":{"start":{"line":427,"column":38},"end":{"line":427,"column":null}},"177":{"start":{"line":431,"column":4},"end":{"line":441,"column":null}},"178":{"start":{"line":432,"column":6},"end":{"line":434,"column":null}},"179":{"start":{"line":433,"column":8},"end":{"line":433,"column":null}},"180":{"start":{"line":436,"column":6},"end":{"line":436,"column":null}},"181":{"start":{"line":438,"column":6},"end":{"line":440,"column":null}},"182":{"start":{"line":439,"column":8},"end":{"line":439,"column":null}},"183":{"start":{"line":444,"column":4},"end":{"line":446,"column":null}},"184":{"start":{"line":445,"column":6},"end":{"line":445,"column":null}},"185":{"start":{"line":447,"column":4},"end":{"line":447,"column":null}},"186":{"start":{"line":453,"column":34},"end":{"line":464,"column":null}},"187":{"start":{"line":454,"column":10},"end":{"line":454,"column":null}},"188":{"start":{"line":455,"column":28},"end":{"line":455,"column":null}},"189":{"start":{"line":457,"column":4},"end":{"line":461,"column":null}},"190":{"start":{"line":458,"column":6},"end":{"line":460,"column":null}},"191":{"start":{"line":459,"column":8},"end":{"line":459,"column":null}},"192":{"start":{"line":463,"column":4},"end":{"line":463,"column":null}},"193":{"start":{"line":469,"column":22},"end":{"line":477,"column":null}},"194":{"start":{"line":471,"column":4},"end":{"line":471,"column":null}},"195":{"start":{"line":471,"column":23},"end":{"line":471,"column":null}},"196":{"start":{"line":473,"column":4},"end":{"line":473,"column":null}},"197":{"start":{"line":473,"column":20},"end":{"line":473,"column":null}},"198":{"start":{"line":475,"column":24},"end":{"line":475,"column":null}},"199":{"start":{"line":476,"column":4},"end":{"line":476,"column":null}},"200":{"start":{"line":485,"column":33},"end":{"line":641,"column":null}},"201":{"start":{"line":486,"column":29},"end":{"line":486,"column":null}},"202":{"start":{"line":487,"column":24},"end":{"line":487,"column":null}},"203":{"start":{"line":490,"column":4},"end":{"line":513,"column":null}},"204":{"start":{"line":492,"column":6},"end":{"line":494,"column":null}},"205":{"start":{"line":493,"column":8},"end":{"line":493,"column":null}},"206":{"start":{"line":495,"column":6},"end":{"line":497,"column":null}},"207":{"start":{"line":496,"column":8},"end":{"line":496,"column":null}},"208":{"start":{"line":500,"column":23},"end":{"line":500,"column":null}},"209":{"start":{"line":503,"column":6},"end":{"line":505,"column":null}},"210":{"start":{"line":503,"column":39},"end":{"line":503,"column":49}},"211":{"start":{"line":504,"column":8},"end":{"line":504,"column":null}},"212":{"start":{"line":506,"column":21},"end":{"line":506,"column":null}},"213":{"start":{"line":507,"column":29},"end":{"line":507,"column":null}},"214":{"start":{"line":507,"column":59},"end":{"line":507,"column":93}},"215":{"start":{"line":508,"column":6},"end":{"line":510,"column":null}},"216":{"start":{"line":509,"column":8},"end":{"line":509,"column":null}},"217":{"start":{"line":511,"column":6},"end":{"line":511,"column":null}},"218":{"start":{"line":512,"column":6},"end":{"line":512,"column":null}},"219":{"start":{"line":516,"column":4},"end":{"line":540,"column":null}},"220":{"start":{"line":517,"column":18},"end":{"line":517,"column":null}},"221":{"start":{"line":518,"column":21},"end":{"line":518,"column":null}},"222":{"start":{"line":520,"column":6},"end":{"line":522,"column":null}},"223":{"start":{"line":521,"column":8},"end":{"line":521,"column":null}},"224":{"start":{"line":523,"column":25},"end":{"line":523,"column":null}},"225":{"start":{"line":524,"column":6},"end":{"line":526,"column":null}},"226":{"start":{"line":525,"column":8},"end":{"line":525,"column":null}},"227":{"start":{"line":528,"column":24},"end":{"line":528,"column":null}},"228":{"start":{"line":529,"column":6},"end":{"line":535,"column":null}},"229":{"start":{"line":529,"column":19},"end":{"line":529,"column":28}},"230":{"start":{"line":530,"column":21},"end":{"line":530,"column":null}},"231":{"start":{"line":531,"column":8},"end":{"line":534,"column":null}},"232":{"start":{"line":532,"column":10},"end":{"line":532,"column":null}},"233":{"start":{"line":533,"column":10},"end":{"line":533,"column":null}},"234":{"start":{"line":536,"column":6},"end":{"line":538,"column":null}},"235":{"start":{"line":537,"column":8},"end":{"line":537,"column":null}},"236":{"start":{"line":539,"column":6},"end":{"line":539,"column":null}},"237":{"start":{"line":543,"column":22},"end":{"line":543,"column":null}},"238":{"start":{"line":544,"column":16},"end":{"line":544,"column":null}},"239":{"start":{"line":545,"column":23},"end":{"line":545,"column":null}},"240":{"start":{"line":546,"column":10},"end":{"line":546,"column":null}},"241":{"start":{"line":547,"column":27},"end":{"line":547,"column":null}},"242":{"start":{"line":552,"column":4},"end":{"line":565,"column":null}},"243":{"start":{"line":552,"column":77},"end":{"line":552,"column":87}},"244":{"start":{"line":554,"column":36},"end":{"line":554,"column":null}},"245":{"start":{"line":555,"column":24},"end":{"line":555,"column":null}},"246":{"start":{"line":556,"column":6},"end":{"line":561,"column":null}},"247":{"start":{"line":557,"column":8},"end":{"line":560,"column":null}},"248":{"start":{"line":558,"column":10},"end":{"line":558,"column":null}},"249":{"start":{"line":559,"column":10},"end":{"line":559,"column":null}},"250":{"start":{"line":562,"column":6},"end":{"line":564,"column":null}},"251":{"start":{"line":563,"column":8},"end":{"line":563,"column":null}},"252":{"start":{"line":570,"column":19},"end":{"line":570,"column":null}},"253":{"start":{"line":571,"column":22},"end":{"line":571,"column":null}},"254":{"start":{"line":575,"column":25},"end":{"line":575,"column":null}},"255":{"start":{"line":576,"column":4},"end":{"line":578,"column":null}},"256":{"start":{"line":577,"column":6},"end":{"line":577,"column":null}},"257":{"start":{"line":579,"column":26},"end":{"line":579,"column":null}},"258":{"start":{"line":583,"column":4},"end":{"line":585,"column":null}},"259":{"start":{"line":584,"column":6},"end":{"line":584,"column":null}},"260":{"start":{"line":588,"column":27},"end":{"line":588,"column":null}},"261":{"start":{"line":589,"column":34},"end":{"line":589,"column":null}},"262":{"start":{"line":589,"column":64},"end":{"line":589,"column":85}},"263":{"start":{"line":592,"column":10},"end":{"line":592,"column":null}},"264":{"start":{"line":593,"column":29},"end":{"line":593,"column":null}},"265":{"start":{"line":597,"column":4},"end":{"line":605,"column":null}},"266":{"start":{"line":599,"column":6},"end":{"line":604,"column":null}},"267":{"start":{"line":600,"column":31},"end":{"line":600,"column":null}},"268":{"start":{"line":601,"column":8},"end":{"line":603,"column":null}},"269":{"start":{"line":602,"column":10},"end":{"line":602,"column":null}},"270":{"start":{"line":607,"column":4},"end":{"line":638,"column":null}},"271":{"start":{"line":609,"column":12},"end":{"line":609,"column":null}},"272":{"start":{"line":612,"column":6},"end":{"line":614,"column":null}},"273":{"start":{"line":613,"column":8},"end":{"line":613,"column":null}},"274":{"start":{"line":618,"column":35},"end":{"line":618,"column":null}},"275":{"start":{"line":620,"column":6},"end":{"line":637,"column":null}},"276":{"start":{"line":621,"column":31},"end":{"line":621,"column":null}},"277":{"start":{"line":622,"column":8},"end":{"line":636,"column":null}},"278":{"start":{"line":624,"column":38},"end":{"line":624,"column":null}},"279":{"start":{"line":625,"column":10},"end":{"line":632,"column":null}},"280":{"start":{"line":625,"column":23},"end":{"line":625,"column":26}},"281":{"start":{"line":626,"column":18},"end":{"line":626,"column":null}},"282":{"start":{"line":627,"column":25},"end":{"line":627,"column":null}},"283":{"start":{"line":628,"column":12},"end":{"line":631,"column":null}},"284":{"start":{"line":629,"column":14},"end":{"line":629,"column":null}},"285":{"start":{"line":630,"column":14},"end":{"line":630,"column":null}},"286":{"start":{"line":633,"column":10},"end":{"line":635,"column":null}},"287":{"start":{"line":634,"column":12},"end":{"line":634,"column":null}},"288":{"start":{"line":640,"column":4},"end":{"line":640,"column":null}},"289":{"start":{"line":646,"column":38},"end":{"line":656,"column":null}},"290":{"start":{"line":647,"column":16},"end":{"line":647,"column":null}},"291":{"start":{"line":648,"column":23},"end":{"line":648,"column":null}},"292":{"start":{"line":649,"column":26},"end":{"line":649,"column":null}},"293":{"start":{"line":650,"column":4},"end":{"line":654,"column":null}},"294":{"start":{"line":650,"column":17},"end":{"line":650,"column":20}},"295":{"start":{"line":651,"column":12},"end":{"line":651,"column":null}},"296":{"start":{"line":652,"column":19},"end":{"line":652,"column":null}},"297":{"start":{"line":653,"column":6},"end":{"line":653,"column":null}},"298":{"start":{"line":655,"column":4},"end":{"line":655,"column":null}},"299":{"start":{"line":661,"column":21},"end":{"line":675,"column":null}},"300":{"start":{"line":662,"column":17},"end":{"line":662,"column":null}},"301":{"start":{"line":663,"column":4},"end":{"line":665,"column":null}},"302":{"start":{"line":664,"column":6},"end":{"line":664,"column":null}},"303":{"start":{"line":666,"column":4},"end":{"line":673,"column":null}},"304":{"start":{"line":668,"column":6},"end":{"line":671,"column":null}},"305":{"start":{"line":670,"column":8},"end":{"line":670,"column":null}},"306":{"start":{"line":672,"column":6},"end":{"line":672,"column":null}},"307":{"start":{"line":674,"column":4},"end":{"line":674,"column":null}},"308":{"start":{"line":677,"column":25},"end":{"line":698,"column":null}},"309":{"start":{"line":683,"column":18},"end":{"line":683,"column":null}},"310":{"start":{"line":684,"column":4},"end":{"line":686,"column":null}},"311":{"start":{"line":685,"column":6},"end":{"line":685,"column":null}},"312":{"start":{"line":687,"column":19},"end":{"line":687,"column":null}},"313":{"start":{"line":687,"column":45},"end":{"line":687,"column":55}},"314":{"start":{"line":688,"column":4},"end":{"line":690,"column":null}},"315":{"start":{"line":689,"column":6},"end":{"line":689,"column":null}},"316":{"start":{"line":692,"column":28},"end":{"line":692,"column":null}},"317":{"start":{"line":695,"column":4},"end":{"line":696,"column":null}},"318":{"start":{"line":706,"column":24},"end":{"line":715,"column":null}},"319":{"start":{"line":707,"column":19},"end":{"line":707,"column":null}},"320":{"start":{"line":709,"column":4},"end":{"line":711,"column":null}},"321":{"start":{"line":709,"column":29},"end":{"line":709,"column":39}},"322":{"start":{"line":710,"column":6},"end":{"line":710,"column":null}},"323":{"start":{"line":713,"column":23},"end":{"line":713,"column":null}},"324":{"start":{"line":714,"column":4},"end":{"line":714,"column":null}},"325":{"start":{"line":714,"column":31},"end":{"line":714,"column":54}},"326":{"start":{"line":726,"column":19},"end":{"line":892,"column":null}},"327":{"start":{"line":728,"column":27},"end":{"line":728,"column":null}},"328":{"start":{"line":729,"column":4},"end":{"line":736,"column":null}},"329":{"start":{"line":730,"column":6},"end":{"line":734,"column":null}},"330":{"start":{"line":735,"column":6},"end":{"line":735,"column":null}},"331":{"start":{"line":739,"column":4},"end":{"line":747,"column":null}},"332":{"start":{"line":739,"column":39},"end":{"line":739,"column":49}},"333":{"start":{"line":740,"column":6},"end":{"line":745,"column":null}},"334":{"start":{"line":746,"column":6},"end":{"line":746,"column":null}},"335":{"start":{"line":749,"column":23},"end":{"line":749,"column":null}},"336":{"start":{"line":750,"column":4},"end":{"line":767,"column":null}},"337":{"start":{"line":752,"column":6},"end":{"line":752,"column":null}},"338":{"start":{"line":753,"column":6},"end":{"line":756,"column":null}},"339":{"start":{"line":757,"column":4},"end":{"line":767,"column":null}},"340":{"start":{"line":759,"column":23},"end":{"line":759,"column":null}},"341":{"start":{"line":760,"column":6},"end":{"line":762,"column":null}},"342":{"start":{"line":761,"column":8},"end":{"line":761,"column":null}},"343":{"start":{"line":763,"column":6},"end":{"line":763,"column":null}},"344":{"start":{"line":765,"column":6},"end":{"line":765,"column":null}},"345":{"start":{"line":766,"column":6},"end":{"line":766,"column":null}},"346":{"start":{"line":770,"column":19},"end":{"line":770,"column":null}},"347":{"start":{"line":775,"column":6},"end":{"line":775,"column":null}},"348":{"start":{"line":782,"column":23},"end":{"line":782,"column":null}},"349":{"start":{"line":782,"column":51},"end":{"line":782,"column":80}},"350":{"start":{"line":783,"column":4},"end":{"line":817,"column":null}},"351":{"start":{"line":784,"column":21},"end":{"line":784,"column":null}},"352":{"start":{"line":785,"column":29},"end":{"line":785,"column":null}},"353":{"start":{"line":786,"column":6},"end":{"line":816,"column":null}},"354":{"start":{"line":788,"column":8},"end":{"line":798,"column":null}},"355":{"start":{"line":789,"column":10},"end":{"line":797,"column":null}},"356":{"start":{"line":790,"column":12},"end":{"line":795,"column":null}},"357":{"start":{"line":796,"column":12},"end":{"line":796,"column":null}},"358":{"start":{"line":800,"column":8},"end":{"line":809,"column":null}},"359":{"start":{"line":801,"column":10},"end":{"line":805,"column":null}},"360":{"start":{"line":807,"column":10},"end":{"line":807,"column":null}},"361":{"start":{"line":808,"column":10},"end":{"line":808,"column":null}},"362":{"start":{"line":811,"column":8},"end":{"line":815,"column":null}},"363":{"start":{"line":822,"column":6},"end":{"line":824,"column":null}},"364":{"start":{"line":826,"column":6},"end":{"line":829,"column":null}},"365":{"start":{"line":828,"column":15},"end":{"line":828,"column":null}},"366":{"start":{"line":832,"column":4},"end":{"line":832,"column":null}},"367":{"start":{"line":835,"column":4},"end":{"line":848,"column":null}},"368":{"start":{"line":836,"column":21},"end":{"line":836,"column":null}},"369":{"start":{"line":837,"column":25},"end":{"line":839,"column":null}},"370":{"start":{"line":838,"column":15},"end":{"line":838,"column":null}},"371":{"start":{"line":840,"column":6},"end":{"line":847,"column":null}},"372":{"start":{"line":841,"column":8},"end":{"line":841,"column":null}},"373":{"start":{"line":842,"column":8},"end":{"line":846,"column":null}},"374":{"start":{"line":850,"column":4},"end":{"line":850,"column":null}},"375":{"start":{"line":853,"column":4},"end":{"line":856,"column":null}},"376":{"start":{"line":854,"column":6},"end":{"line":854,"column":null}},"377":{"start":{"line":855,"column":6},"end":{"line":855,"column":null}},"378":{"start":{"line":858,"column":4},"end":{"line":862,"column":null}},"379":{"start":{"line":864,"column":4},"end":{"line":874,"column":null}},"380":{"start":{"line":877,"column":4},"end":{"line":889,"column":null}},"381":{"start":{"line":878,"column":26},"end":{"line":878,"column":null}},"382":{"start":{"line":879,"column":28},"end":{"line":879,"column":null}},"383":{"start":{"line":880,"column":6},"end":{"line":888,"column":null}},"384":{"start":{"line":881,"column":8},"end":{"line":881,"column":null}},"385":{"start":{"line":883,"column":8},"end":{"line":883,"column":null}},"386":{"start":{"line":884,"column":8},"end":{"line":886,"column":null}},"387":{"start":{"line":887,"column":8},"end":{"line":887,"column":null}},"388":{"start":{"line":891,"column":4},"end":{"line":891,"column":null}},"389":{"start":{"line":897,"column":19},"end":{"line":900,"column":null}},"390":{"start":{"line":899,"column":4},"end":{"line":899,"column":null}},"391":{"start":{"line":902,"column":22},"end":{"line":909,"column":null}},"392":{"start":{"line":904,"column":21},"end":{"line":904,"column":null}},"393":{"start":{"line":905,"column":4},"end":{"line":908,"column":null}},"394":{"start":{"line":907,"column":6},"end":{"line":907,"column":null}},"395":{"start":{"line":914,"column":22},"end":{"line":930,"column":null}},"396":{"start":{"line":915,"column":24},"end":{"line":915,"column":null}},"397":{"start":{"line":916,"column":19},"end":{"line":916,"column":null}},"398":{"start":{"line":917,"column":4},"end":{"line":920,"column":null}},"399":{"start":{"line":918,"column":6},"end":{"line":918,"column":null}},"400":{"start":{"line":919,"column":6},"end":{"line":919,"column":null}},"401":{"start":{"line":921,"column":23},"end":{"line":921,"column":null}},"402":{"start":{"line":922,"column":22},"end":{"line":922,"column":null}},"403":{"start":{"line":923,"column":4},"end":{"line":923,"column":null}},"404":{"start":{"line":924,"column":4},"end":{"line":929,"column":null}},"405":{"start":{"line":933,"column":22},"end":{"line":939,"column":null}},"406":{"start":{"line":935,"column":4},"end":{"line":935,"column":null}},"407":{"start":{"line":935,"column":54},"end":{"line":935,"column":null}},"408":{"start":{"line":936,"column":4},"end":{"line":938,"column":null}},"409":{"start":{"line":937,"column":6},"end":{"line":937,"column":null}},"410":{"start":{"line":941,"column":2},"end":{"line":984,"column":null}}},"fnMap":{"0":{"name":"(anonymous_0)","decl":{"start":{"line":28,"column":48},"end":{"line":28,"column":54}},"loc":{"start":{"line":28,"column":54},"end":{"line":985,"column":1}},"line":28},"1":{"name":"(anonymous_1)","decl":{"start":{"line":40,"column":25},"end":{"line":40,"column":31}},"loc":{"start":{"line":40,"column":31},"end":{"line":40,"column":59}},"line":40},"2":{"name":"(anonymous_2)","decl":{"start":{"line":52,"column":23},"end":{"line":52,"column":null}},"loc":{"start":{"line":57,"column":7},"end":{"line":72,"column":null}},"line":57},"3":{"name":"(anonymous_3)","decl":{"start":{"line":74,"column":24},"end":{"line":74,"column":30}},"loc":{"start":{"line":74,"column":30},"end":{"line":76,"column":null}},"line":74},"4":{"name":"(anonymous_4)","decl":{"start":{"line":83,"column":9},"end":{"line":83,"column":15}},"loc":{"start":{"line":83,"column":15},"end":{"line":83,"column":null}},"line":83},"5":{"name":"(anonymous_5)","decl":{"start":{"line":84,"column":9},"end":{"line":84,"column":10}},"loc":{"start":{"line":84,"column":43},"end":{"line":88,"column":null}},"line":84},"6":{"name":"(anonymous_6)","decl":{"start":{"line":124,"column":19},"end":{"line":124,"column":25}},"loc":{"start":{"line":124,"column":25},"end":{"line":137,"column":null}},"line":124},"7":{"name":"(anonymous_7)","decl":{"start":{"line":142,"column":19},"end":{"line":142,"column":25}},"loc":{"start":{"line":142,"column":25},"end":{"line":198,"column":null}},"line":142},"8":{"name":"(anonymous_8)","decl":{"start":{"line":205,"column":32},"end":{"line":205,"column":38}},"loc":{"start":{"line":205,"column":38},"end":{"line":230,"column":null}},"line":205},"9":{"name":"(anonymous_9)","decl":{"start":{"line":236,"column":28},"end":{"line":236,"column":34}},"loc":{"start":{"line":236,"column":34},"end":{"line":273,"column":null}},"line":236},"10":{"name":"(anonymous_10)","decl":{"start":{"line":241,"column":43},"end":{"line":241,"column":44}},"loc":{"start":{"line":241,"column":50},"end":{"line":241,"column":60}},"line":241},"11":{"name":"(anonymous_11)","decl":{"start":{"line":245,"column":59},"end":{"line":245,"column":60}},"loc":{"start":{"line":245,"column":66},"end":{"line":245,"column":87}},"line":245},"12":{"name":"(anonymous_12)","decl":{"start":{"line":278,"column":29},"end":{"line":278,"column":35}},"loc":{"start":{"line":278,"column":35},"end":{"line":308,"column":null}},"line":278},"13":{"name":"(anonymous_13)","decl":{"start":{"line":313,"column":26},"end":{"line":313,"column":32}},"loc":{"start":{"line":313,"column":32},"end":{"line":317,"column":null}},"line":313},"14":{"name":"(anonymous_14)","decl":{"start":{"line":322,"column":31},"end":{"line":322,"column":37}},"loc":{"start":{"line":322,"column":37},"end":{"line":326,"column":null}},"line":322},"15":{"name":"(anonymous_15)","decl":{"start":{"line":331,"column":21},"end":{"line":331,"column":27}},"loc":{"start":{"line":331,"column":27},"end":{"line":343,"column":null}},"line":331},"16":{"name":"(anonymous_16)","decl":{"start":{"line":350,"column":36},"end":{"line":350,"column":42}},"loc":{"start":{"line":350,"column":42},"end":{"line":352,"column":3}},"line":350},"17":{"name":"(anonymous_17)","decl":{"start":{"line":361,"column":4},"end":{"line":361,"column":null}},"loc":{"start":{"line":362,"column":6},"end":{"line":364,"column":null}},"line":362},"18":{"name":"(anonymous_18)","decl":{"start":{"line":364,"column":38},"end":{"line":364,"column":39}},"loc":{"start":{"line":364,"column":48},"end":{"line":364,"column":88}},"line":364},"19":{"name":"(anonymous_19)","decl":{"start":{"line":367,"column":32},"end":{"line":367,"column":38}},"loc":{"start":{"line":367,"column":38},"end":{"line":367,"column":55}},"line":367},"20":{"name":"(anonymous_20)","decl":{"start":{"line":369,"column":35},"end":{"line":369,"column":41}},"loc":{"start":{"line":369,"column":41},"end":{"line":369,"column":70}},"line":369},"21":{"name":"(anonymous_21)","decl":{"start":{"line":371,"column":36},"end":{"line":371,"column":42}},"loc":{"start":{"line":371,"column":42},"end":{"line":371,"column":83}},"line":371},"22":{"name":"(anonymous_22)","decl":{"start":{"line":371,"column":65},"end":{"line":371,"column":66}},"loc":{"start":{"line":371,"column":75},"end":{"line":371,"column":82}},"line":371},"23":{"name":"(anonymous_23)","decl":{"start":{"line":374,"column":42},"end":{"line":374,"column":48}},"loc":{"start":{"line":374,"column":48},"end":{"line":395,"column":3}},"line":374},"24":{"name":"(anonymous_24)","decl":{"start":{"line":397,"column":26},"end":{"line":397,"column":27}},"loc":{"start":{"line":397,"column":70},"end":{"line":400,"column":null}},"line":397},"25":{"name":"(anonymous_25)","decl":{"start":{"line":405,"column":26},"end":{"line":405,"column":40}},"loc":{"start":{"line":405,"column":40},"end":{"line":413,"column":null}},"line":405},"26":{"name":"(anonymous_26)","decl":{"start":{"line":418,"column":34},"end":{"line":418,"column":35}},"loc":{"start":{"line":418,"column":60},"end":{"line":420,"column":null}},"line":418},"27":{"name":"(anonymous_27)","decl":{"start":{"line":419,"column":50},"end":{"line":419,"column":51}},"loc":{"start":{"line":419,"column":60},"end":{"line":419,"column":83}},"line":419},"28":{"name":"(anonymous_28)","decl":{"start":{"line":425,"column":28},"end":{"line":425,"column":44}},"loc":{"start":{"line":425,"column":44},"end":{"line":448,"column":null}},"line":425},"29":{"name":"(anonymous_29)","decl":{"start":{"line":453,"column":34},"end":{"line":453,"column":35}},"loc":{"start":{"line":453,"column":61},"end":{"line":464,"column":null}},"line":453},"30":{"name":"(anonymous_30)","decl":{"start":{"line":469,"column":22},"end":{"line":469,"column":23}},"loc":{"start":{"line":469,"column":62},"end":{"line":477,"column":null}},"line":469},"31":{"name":"(anonymous_31)","decl":{"start":{"line":485,"column":33},"end":{"line":485,"column":34}},"loc":{"start":{"line":485,"column":72},"end":{"line":641,"column":null}},"line":485},"32":{"name":"(anonymous_32)","decl":{"start":{"line":503,"column":32},"end":{"line":503,"column":33}},"loc":{"start":{"line":503,"column":39},"end":{"line":503,"column":49}},"line":503},"33":{"name":"(anonymous_33)","decl":{"start":{"line":507,"column":52},"end":{"line":507,"column":53}},"loc":{"start":{"line":507,"column":59},"end":{"line":507,"column":93}},"line":507},"34":{"name":"(anonymous_34)","decl":{"start":{"line":552,"column":70},"end":{"line":552,"column":71}},"loc":{"start":{"line":552,"column":77},"end":{"line":552,"column":87}},"line":552},"35":{"name":"(anonymous_35)","decl":{"start":{"line":589,"column":54},"end":{"line":589,"column":55}},"loc":{"start":{"line":589,"column":64},"end":{"line":589,"column":85}},"line":589},"36":{"name":"(anonymous_36)","decl":{"start":{"line":646,"column":38},"end":{"line":646,"column":39}},"loc":{"start":{"line":646,"column":96},"end":{"line":656,"column":null}},"line":646},"37":{"name":"(anonymous_37)","decl":{"start":{"line":661,"column":21},"end":{"line":661,"column":22}},"loc":{"start":{"line":661,"column":70},"end":{"line":675,"column":null}},"line":661},"38":{"name":"(anonymous_38)","decl":{"start":{"line":677,"column":25},"end":{"line":677,"column":26}},"loc":{"start":{"line":677,"column":50},"end":{"line":698,"column":null}},"line":677},"39":{"name":"(anonymous_39)","decl":{"start":{"line":687,"column":38},"end":{"line":687,"column":39}},"loc":{"start":{"line":687,"column":45},"end":{"line":687,"column":55}},"line":687},"40":{"name":"(anonymous_40)","decl":{"start":{"line":706,"column":24},"end":{"line":706,"column":25}},"loc":{"start":{"line":706,"column":49},"end":{"line":715,"column":null}},"line":706},"41":{"name":"(anonymous_41)","decl":{"start":{"line":709,"column":22},"end":{"line":709,"column":23}},"loc":{"start":{"line":709,"column":29},"end":{"line":709,"column":39}},"line":709},"42":{"name":"(anonymous_42)","decl":{"start":{"line":714,"column":24},"end":{"line":714,"column":25}},"loc":{"start":{"line":714,"column":31},"end":{"line":714,"column":54}},"line":714},"43":{"name":"(anonymous_43)","decl":{"start":{"line":726,"column":19},"end":{"line":726,"column":20}},"loc":{"start":{"line":726,"column":77},"end":{"line":892,"column":null}},"line":726},"44":{"name":"(anonymous_44)","decl":{"start":{"line":739,"column":32},"end":{"line":739,"column":33}},"loc":{"start":{"line":739,"column":39},"end":{"line":739,"column":49}},"line":739},"45":{"name":"(anonymous_45)","decl":{"start":{"line":782,"column":44},"end":{"line":782,"column":45}},"loc":{"start":{"line":782,"column":51},"end":{"line":782,"column":80}},"line":782},"46":{"name":"(anonymous_46)","decl":{"start":{"line":828,"column":8},"end":{"line":828,"column":9}},"loc":{"start":{"line":828,"column":15},"end":{"line":828,"column":null}},"line":828},"47":{"name":"(anonymous_47)","decl":{"start":{"line":838,"column":8},"end":{"line":838,"column":9}},"loc":{"start":{"line":838,"column":15},"end":{"line":838,"column":null}},"line":838},"48":{"name":"(anonymous_48)","decl":{"start":{"line":897,"column":19},"end":{"line":897,"column":20}},"loc":{"start":{"line":897,"column":38},"end":{"line":900,"column":null}},"line":897},"49":{"name":"(anonymous_49)","decl":{"start":{"line":902,"column":22},"end":{"line":902,"column":23}},"loc":{"start":{"line":902,"column":46},"end":{"line":909,"column":null}},"line":902},"50":{"name":"(anonymous_50)","decl":{"start":{"line":914,"column":22},"end":{"line":914,"column":23}},"loc":{"start":{"line":914,"column":38},"end":{"line":930,"column":null}},"line":914},"51":{"name":"(anonymous_51)","decl":{"start":{"line":933,"column":22},"end":{"line":933,"column":23}},"loc":{"start":{"line":933,"column":57},"end":{"line":939,"column":null}},"line":933}},"branchMap":{"0":{"loc":{"start":{"line":55,"column":4},"end":{"line":55,"column":null}},"type":"default-arg","locations":[{"start":{"line":55,"column":31},"end":{"line":55,"column":null}}],"line":55},"1":{"loc":{"start":{"line":58,"column":4},"end":{"line":58,"column":null}},"type":"if","locations":[{"start":{"line":58,"column":4},"end":{"line":58,"column":null}},{"start":{},"end":{}}],"line":58},"2":{"loc":{"start":{"line":65,"column":4},"end":{"line":67,"column":null}},"type":"if","locations":[{"start":{"line":65,"column":4},"end":{"line":67,"column":null}},{"start":{},"end":{}}],"line":65},"3":{"loc":{"start":{"line":69,"column":4},"end":{"line":71,"column":null}},"type":"if","locations":[{"start":{"line":69,"column":4},"end":{"line":71,"column":null}},{"start":{},"end":{}}],"line":69},"4":{"loc":{"start":{"line":85,"column":6},"end":{"line":87,"column":null}},"type":"if","locations":[{"start":{"line":85,"column":6},"end":{"line":87,"column":null}},{"start":{},"end":{}}],"line":85},"5":{"loc":{"start":{"line":151,"column":4},"end":{"line":154,"column":null}},"type":"if","locations":[{"start":{"line":151,"column":4},"end":{"line":154,"column":null}},{"start":{},"end":{}}],"line":151},"6":{"loc":{"start":{"line":157,"column":4},"end":{"line":178,"column":null}},"type":"if","locations":[{"start":{"line":157,"column":4},"end":{"line":178,"column":null}},{"start":{"line":174,"column":11},"end":{"line":178,"column":null}}],"line":157},"7":{"loc":{"start":{"line":163,"column":6},"end":{"line":167,"column":null}},"type":"if","locations":[{"start":{"line":163,"column":6},"end":{"line":167,"column":null}},{"start":{},"end":{}}],"line":163},"8":{"loc":{"start":{"line":168,"column":6},"end":{"line":173,"column":null}},"type":"if","locations":[{"start":{"line":168,"column":6},"end":{"line":173,"column":null}},{"start":{},"end":{}}],"line":168},"9":{"loc":{"start":{"line":180,"column":4},"end":{"line":197,"column":null}},"type":"if","locations":[{"start":{"line":180,"column":4},"end":{"line":197,"column":null}},{"start":{"line":187,"column":11},"end":{"line":197,"column":null}}],"line":180},"10":{"loc":{"start":{"line":188,"column":6},"end":{"line":196,"column":null}},"type":"if","locations":[{"start":{"line":188,"column":6},"end":{"line":196,"column":null}},{"start":{"line":192,"column":13},"end":{"line":196,"column":null}}],"line":188},"11":{"loc":{"start":{"line":224,"column":4},"end":{"line":229,"column":null}},"type":"if","locations":[{"start":{"line":224,"column":4},"end":{"line":229,"column":null}},{"start":{"line":226,"column":11},"end":{"line":229,"column":null}}],"line":224},"12":{"loc":{"start":{"line":247,"column":4},"end":{"line":272,"column":null}},"type":"if","locations":[{"start":{"line":247,"column":4},"end":{"line":272,"column":null}},{"start":{"line":260,"column":11},"end":{"line":272,"column":null}}],"line":247},"13":{"loc":{"start":{"line":280,"column":4},"end":{"line":283,"column":null}},"type":"if","locations":[{"start":{"line":280,"column":4},"end":{"line":283,"column":null}},{"start":{},"end":{}}],"line":280},"14":{"loc":{"start":{"line":286,"column":4},"end":{"line":293,"column":null}},"type":"if","locations":[{"start":{"line":286,"column":4},"end":{"line":293,"column":null}},{"start":{},"end":{}}],"line":286},"15":{"loc":{"start":{"line":296,"column":17},"end":{"line":296,"column":null}},"type":"binary-expr","locations":[{"start":{"line":296,"column":17},"end":{"line":296,"column":40}},{"start":{"line":296,"column":40},"end":{"line":296,"column":null}}],"line":296},"16":{"loc":{"start":{"line":297,"column":4},"end":{"line":307,"column":null}},"type":"if","locations":[{"start":{"line":297,"column":4},"end":{"line":307,"column":null}},{"start":{"line":305,"column":11},"end":{"line":307,"column":null}}],"line":297},"17":{"loc":{"start":{"line":351,"column":11},"end":{"line":351,"column":null}},"type":"binary-expr","locations":[{"start":{"line":351,"column":11},"end":{"line":351,"column":34}},{"start":{"line":351,"column":34},"end":{"line":351,"column":64}},{"start":{"line":351,"column":64},"end":{"line":351,"column":null}}],"line":351},"18":{"loc":{"start":{"line":362,"column":6},"end":{"line":364,"column":null}},"type":"binary-expr","locations":[{"start":{"line":362,"column":6},"end":{"line":362,"column":null}},{"start":{"line":363,"column":6},"end":{"line":363,"column":null}},{"start":{"line":364,"column":6},"end":{"line":364,"column":null}}],"line":362},"19":{"loc":{"start":{"line":376,"column":4},"end":{"line":376,"column":null}},"type":"if","locations":[{"start":{"line":376,"column":4},"end":{"line":376,"column":null}},{"start":{},"end":{}}],"line":376},"20":{"loc":{"start":{"line":381,"column":8},"end":{"line":391,"column":null}},"type":"if","locations":[{"start":{"line":381,"column":8},"end":{"line":391,"column":null}},{"start":{"line":384,"column":8},"end":{"line":391,"column":null}}],"line":381},"21":{"loc":{"start":{"line":383,"column":10},"end":{"line":383,"column":null}},"type":"if","locations":[{"start":{"line":383,"col
[...]
41,"f:371:65:371:66":22,"s:371:75:371:82":142,"s:374:8:395:Infinity":143,"f:374:42:374:48":23,"s:375:30:375:Infinity":144,"b:376:4:376:Infinity:undefined:undefined:undefined:undefined":19,"s:376:4:376:Infinity":145,"s:376:29:376:Infinity":146,"s:377:18:377:Infinity":147,"s:378:4:393:Infinity":148,"s:379:26:379:Infinity":149,"s:380:6:392:Infinity":150,"b:381:8:391:Infinity:384:8:391:Infinity":20,"s:381:8:391:Infinity":151,"s:382:22:382:Infinity":152,"b:383:10:383:Infinity:undefined:undefined:undefined:undefined":21,"s:383:10:383:Infinity":153,"s:383:26:383:Infinity":154,"b:384:8:391:Infinity:undefined:undefined:undefined:undefined":22,"s:384:8:391:Infinity":155,"s:386:22:386:Infinity":156,"b:387:10:390:Infinity:undefined:undefined:undefined:undefined":23,"s:387:10:390:Infinity":157,"s:389:12:389:Infinity":158,"s:394:4:394:Infinity":159,"s:397:26:400:Infinity":160,"f:397:26:397:27":24,"b:398:4:398:Infinity:undefined:undefined:undefined:undefined":24,"s:398:4:398:Infinity":161,"s:398:15:398:Infinity":162,"s:399:4:399:Infinity":163,"s:405:26:413:Infinity":164,"f:405:26:405:40":25,"s:406:18:406:Infinity":165,"s:407:28:407:Infinity":166,"s:408:4:410:Infinity":167,"s:409:6:409:Infinity":168,"s:412:4:412:Infinity":169,"s:418:34:420:Infinity":170,"f:418:34:418:35":26,"s:419:4:419:Infinity":171,"f:419:50:419:51":27,"s:419:60:419:83":172,"s:425:28:448:Infinity":173,"f:425:28:425:44":28,"s:426:28:426:Infinity":174,"b:427:4:427:Infinity:undefined:undefined:undefined:undefined":25,"s:427:4:427:Infinity":175,"s:427:38:427:Infinity":176,"b:431:4:441:Infinity:435:11:441:Infinity":26,"s:431:4:441:Infinity":177,"b:432:6:434:Infinity:undefined:undefined:undefined:undefined":27,"s:432:6:434:Infinity":178,"b:432:10:432:41:432:41:432:61":28,"s:433:8:433:Infinity":179,"s:436:6:436:Infinity":180,"b:438:6:440:Infinity:undefined:undefined:undefined:undefined":29,"s:438:6:440:Infinity":181,"b:438:10:438:33:438:33:438:71":30,"s:439:8:439:Infinity":182,"s:444:4:446:Infinity":183,"s:445:6:445:Infinity":184,"s:447:4:447:Infinity":185,"s:453:34:464:Infinity":186,"f:453:34:453:35":29,"s:454:10:454:Infinity":187,"s:455:28:455:Infinity":188,"s:457:4:461:Infinity":189,"b:458:6:460:Infinity:undefined:undefined:undefined:undefined":31,"s:458:6:460:Infinity":190,"s:459:8:459:Infinity":191,"s:463:4:463:Infinity":192,"s:469:22:477:Infinity":193,"f:469:22:469:23":30,"b:471:4:471:Infinity:undefined:undefined:undefined:undefined":32,"s:471:4:471:Infinity":194,"s:471:23:471:Infinity":195,"b:473:4:473:Infinity:undefined:undefined:undefined:undefined":33,"s:473:4:473:Infinity":196,"s:473:20:473:Infinity":197,"s:475:24:475:Infinity":198,"s:476:4:476:Infinity":199,"s:485:33:641:Infinity":200,"f:485:33:485:34":31,"s:486:29:486:Infinity":201,"s:487:24:487:Infinity":202,"b:490:4:513:Infinity:undefined:undefined:undefined:undefined":34,"s:490:4:513:Infinity":203,"b:492:6:494:Infinity:undefined:undefined:undefined:undefined":35,"s:492:6:494:Infinity":204,"s:493:8:493:Infinity":205,"b:495:6:497:Infinity:undefined:undefined:undefined:undefined":36,"s:495:6:497:Infinity":206,"s:496:8:496:Infinity":207,"s:500:23:500:Infinity":208,"b:503:6:505:Infinity:undefined:undefined:undefined:undefined":37,"s:503:6:505:Infinity":209,"f:503:32:503:33":32,"s:503:39:503:49":210,"s:504:8:504:Infinity":211,"s:506:21:506:Infinity":212,"s:507:29:507:Infinity":213,"f:507:52:507:53":33,"s:507:59:507:93":214,"b:507:59:507:64:507:64:507:74:507:74:507:93":38,"b:508:6:510:Infinity:undefined:undefined:undefined:undefined":39,"s:508:6:510:Infinity":215,"s:509:8:509:Infinity":216,"s:511:6:511:Infinity":217,"s:512:6:512:Infinity":218,"b:516:4:540:Infinity:undefined:undefined:undefined:undefined":40,"s:516:4:540:Infinity":219,"s:517:18:517:Infinity":220,"s:518:21:518:Infinity":221,"b:520:6:522:Infinity:undefined:undefined:undefined:undefined":41,"s:520:6:522:Infinity":222,"s:521:8:521:Infinity":223,"s:523:25:523:Infinity":224,"b:524:6:526:Infinity:undefined:undefined:undefined:undefined":42,"s:524:6:526:Infinity":225,"s:525:8:525:Infinity":226,"s:528:24:528:Infinity":227,"s:529:6:535:Infinity":228,"s:529:19:529:28":229,"s:530:21:530:Infinity":230,"b:531:8:534:Infinity:undefined:undefined:undefined:undefined":43,"s:531:8:534:Infinity":231,"s:532:10:532:Infinity":232,"s:533:10:533:Infinity":233,"b:536:6:538:Infinity:undefined:undefined:undefined:undefined":44,"s:536:6:538:Infinity":234,"s:537:8:537:Infinity":235,"s:539:6:539:Infinity":236,"s:543:22:543:Infinity":237,"s:544:16:544:Infinity":238,"s:545:23:545:Infinity":239,"s:546:10:546:Infinity":240,"s:547:27:547:Infinity":241,"b:552:4:565:Infinity:undefined:undefined:undefined:undefined":45,"s:552:4:565:Infinity":242,"b:552:8:552:43:552:43:552:90":46,"f:552:70:552:71":34,"s:552:77:552:87":243,"s:554:36:554:Infinity":244,"s:555:24:555:Infinity":245,"s:556:6:561:Infinity":246,"b:557:8:560:Infinity:undefined:undefined:undefined:undefined":47,"s:557:8:560:Infinity":247,"s:558:10:558:Infinity":248,"s:559:10:559:Infinity":249,"b:562:6:564:Infinity:undefined:undefined:undefined:undefined":48,"s:562:6:564:Infinity":250,"s:563:8:563:Infinity":251,"s:570:19:570:Infinity":252,"s:571:22:571:Infinity":253,"s:575:25:575:Infinity":254,"b:576:4:578:Infinity:undefined:undefined:undefined:undefined":49,"s:576:4:578:Infinity":255,"b:576:8:576:25:576:25:576:69":50,"s:577:6:577:Infinity":256,"s:579:26:579:Infinity":257,"b:583:4:585:Infinity:undefined:undefined:undefined:undefined":51,"s:583:4:585:Infinity":258,"s:584:6:584:Infinity":259,"s:588:27:588:Infinity":260,"s:589:34:589:Infinity":261,"f:589:54:589:55":35,"s:589:64:589:85":262,"s:592:10:592:Infinity":263,"s:593:29:593:Infinity":264,"b:597:4:605:Infinity:undefined:undefined:undefined:undefined":52,"s:597:4:605:Infinity":265,"b:599:6:604:Infinity:undefined:undefined:undefined:undefined":53,"s:599:6:604:Infinity":266,"b:599:10:599:24:599:24:599:57":54,"s:600:31:600:Infinity":267,"b:601:8:603:Infinity:undefined:undefined:undefined:undefined":55,"s:601:8:603:Infinity":268,"s:602:10:602:Infinity":269,"b:607:4:638:Infinity:undefined:undefined:undefined:undefined":56,"s:607:4:638:Infinity":270,"b:607:8:607:33:607:33:607:51":57,"s:609:12:609:Infinity":271,"b:612:6:614:Infinity:undefined:undefined:undefined:undefined":58,"s:612:6:614:Infinity":272,"s:613:8:613:Infinity":273,"s:618:35:618:Infinity":274,"b:620:6:637:Infinity:undefined:undefined:undefined:undefined":59,"s:620:6:637:Infinity":275,"b:620:10:620:39:620:39:620:86":60,"s:621:31:621:Infinity":276,"b:622:8:636:Infinity:undefined:undefined:undefined:undefined":61,"s:622:8:636:Infinity":277,"s:624:38:624:Infinity":278,"s:625:10:632:Infinity":279,"s:625:23:625:26":280,"s:626:18:626:Infinity":281,"s:627:25:627:Infinity":282,"b:628:12:631:Infinity:undefined:undefined:undefined:undefined":62,"s:628:12:631:Infinity":283,"s:629:14:629:Infinity":284,"s:630:14:630:Infinity":285,"b:633:10:635:Infinity:undefined:undefined:undefined:undefined":63,"s:633:10:635:Infinity":286,"s:634:12:634:Infinity":287,"s:640:4:640:Infinity":288,"s:646:38:656:Infinity":289,"f:646:38:646:39":36,"s:647:16:647:Infinity":290,"s:648:23:648:Infinity":291,"s:649:26:649:Infinity":292,"s:650:4:654:Infinity":293,"s:650:17:650:20":294,"s:651:12:651:Infinity":295,"s:652:19:652:Infinity":296,"s:653:6:653:Infinity":297,"s:655:4:655:Infinity":298,"s:661:21:675:Infinity":299,"f:661:21:661:22":37,"s:662:17:662:Infinity":300,"b:663:4:665:Infinity:undefined:undefined:undefined:undefined":64,"s:663:4:665:Infinity":301,"s:664:6:664:Infinity":302,"b:666:4:673:Infinity:undefined:undefined:undefined:undefined":65,"s:666:4:673:Infinity":303,"b:666:8:666:16:666:16:666:44:666:44:666:59":66,"b:668:6:671:Infinity:undefined:undefined:undefined:undefined":67,"s:668:6:671:Infinity":304,"s:670:8:670:Infinity":305,"s:672:6:672:Infinity":306,"s:674:4:674:Infinity":307,"s:677:25:698:Infinity":308,"f:677:25:677:26":38,"s:683:18:683:Infinity":309,"b:684:4:686:Infinity:undefined:undefined:undefined:undefined":68,"s:684:4:686:Infinity":310,"s:685:6:685:Infinity":311,"s:687:19:687:Infinity":312,"f:687:38:687:39":39,"s:687:45:687:55":313,"b:688:4:690:Infinity:undefined:undefined:undefined:undefined":69,"s:688:4:690:Infinity":314,"s:689:6:689:Infinity":315,"s:692:28:692:Infinity":316,"s:695:4:696:Infinity":317,"b:696:6:696:43:696:43:696:65:696:65:696:Infinity":70,"s:706:24:715:Infinity":318,"f:706:24:706:25":40,"s:707:19:707:Infinity":319,"b:709:4:711:Infinity:undefined:undefined:undefined:undefined":71,"s:709:4:711:Infinity":320,"f:709:22:709:23":41,"s:709:29:709:39":321,"s:710:6:710:Infinity":322,"s:713:23:713:Infinity":323,"s:714:4:714:Infinity":324,"f:714:24:714:25":42,"s:714:31:714:54":325,"s:726:19:892:Infinity":326,"f:726:19:726:20":43,"s:728:27:728:Infinity":327,"b:729:4:736:Infinity:undefined:undefined:undefined:undefined":72,"s:729:4:736:Infinity":328,"s:730:6:734:Infinity":329,"s:735:6:735:Infinity":330,"b:739:4:747:Infinity:undefined:undefined:undefined:undefined":73,"s:739:4:747:Infinity":331,"f:739:32:739:33":44,"s:739:39:739:49":332,"s:740:6:745:Infinity":333,"s:746:6:746:Infinity":334,"s:749:23:749:Infinity":335,"b:750:4:767:Infinity:757:4:767:Infinity":74,"s:750:4:767:Infinity":336,"s:752:6:752:Infinity":337,"s:753:6:756:Infinity":338,"b:755:34:755:46:755:46:755:Infinity":75,"b:757:4:767:Infinity:764:11:767:Infinity":76,"s:757:4:767:Infinity":339,"b:757:15:757:42:757:42:757:55":77,"s:759:23:759:Infinity":340,"b:760:6:762:Infinity:undefined:undefined:undefined:undefined":78,"s:760:6:762:Infinity":341,"s:761:8:761:Infinity":342,"s:763:6:763:Infinity":343,"s:765:6:765:Infinity":344,"s:766:6:766:Infinity":345,"s:770:19:770:Infinity":346,"s:775:6:775:Infinity":347,"b:775:6:775:50:775:50:775:Infinity":79,"s:782:23:782:Infinity":348,"f:782:44:782:45":45,"s:782:51:782:80":349,"b:782:51:782:56:782:56:782:80":80,"b:783:4:817:Infinity:undefined:undefined:undefined:undefined":81,"s:783:4:817:Infinity":350,"s:784:21:784:Infinity":351,"s:785:29:785:Infinity":352,"b:786:6:816:Infinity:810:13:816:Infinity":82,"s:786:6:816:Infinity":353,"s:788:8:798:Infinity":354,"b:789:10:797:Infinity:undefined:undefined:undefined:undefined":83,"s:789:10:797:Infinity":355,"s:790:12:795:Infinity":356,"s:796:12:796:Infinity":357,"b:800:8:809:Infinity:806:15:809:Infinity":84,"s:800:8:809:Infinity":358,"s:801:10:805:Infinity":359,"s:807:10:807:Infinity":360,"s:808:10:808:Infinity":361,"s:811:8:815:Infinity":362,"s:822:6:824:Infinity":363,"b:822:6:822:Infinity:823:6:823:Infinity:824:6:824:Infinity":85,"s:826:6:829:Infinity":364,"b:826:6:826:Infinity:827:6:829:Infinity":86,"f:828:8:828:9":46,"s:828:15:828:Infinity":365,"s:832:4:832:Infinity":366,"b:835:4:848:Infinity:undefined:undefined:undefined:undefined":87,"s:835:4:848:Infinity":367,"s:836:21:836:Infinity":368,"s:837:25:839:Infinity":369,"f:838:8:838:9":47,"s:838:15:838:Infinity":370,"b:838:15:838:29:838:29:838:Infinity":88,"b:840:6:847:Infinity:undefined:undefined:undefined:undefined":89,"s:840:6:847:Infinity":371,"s:841:8:841:Infinity":372,"s:842:8:846:Infinity":373,"s:850:4:850:Infinity":374,"b:853:4:856:Infinity:undefined:undefined:undefined:undefined":90,"s:853:4:856:Infinity":375,"s:854:6:854:Infinity":376,"s:855:6:855:Infinity":377,"s:858:4:862:Infinity":378,"b:859:8:859:Infinity:860:8:862:Infinity":91,"b:861:10:861:Infinity:862:10:862:Infinity":92,"b:860:8:860:30:860:30:860:Infinity":93,"s:864:4:874:Infinity":379,"b:866:68:866:116:866:116:866:161":94,"b:877:4:889:Infinity:undefined:undefined:undefined:undefined":95,"s:877:4:889:Infinity":380,"b:877:8:877:48:877:48:877:85":96,"s:878:26:878:Infinity":381,"s:879:28:879:Infinity":382,"b:880:6:888:Infinity:undefined:undefined:undefined:undefined":97,"s:880:6:888:Infinity":383,"s:881:8:881:Infinity":384,"s:883:8:883:Infinity":385,"s:884:8:886:Infinity":386,"s:887:8:887:Infinity":387,"s:891:4:891:Infinity":388,"s:897:19:900:Infinity":389,"f:897:19:897:20":48,"s:899:4:899:Infinity":390,"s:902:22:909:Infinity":391,"f:902:22:902:23":49,"s:904:21:904:Infinity":392,"b:905:4:908:Infinity:undefined:undefined:undefined:undefined":98,"s:905:4:908:Infinity":393,"s:907:6:907:Infinity":394,"s:914:22:930:Infinity":395,"f:914:22:914:23":50,"s:915:24:915:Infinity":396,"s:916:19:916:Infinity":397,"b:917:4:920:Infinity:undefined:undefined:undefined:undefined":99,"s:917:4:920:Infinity":398,"s:918:6:918:Infinity":399,"s:919:6:919:Infinity":400,"s:921:23:921:Infinity":401,"s:922:22:922:Infinity":402,"s:923:4:923:Infinity":403,"s:924:4:929:Infinity":404,"s:933:22:939:Infinity":405,"f:933:22:933:23":51,"b:935:4:935:Infinity:undefined:undefined:undefined:undefined":100,"s:935:4:935:Infinity":406,"s:935:54:935:Infinity":407,"b:936:4:938:Infinity:undefined:undefined:undefined:undefined":101,"s:936:4:938:Infinity":408,"b:936:8:936:16:936:16:936:39":102,"s:937:6:937:Infinity":409,"s:941:2:984:Infinity":410},"fnNames":{}}}
,"C:\\Users\\asvav\\OneDrive\\Documents\\www\\pachisi\\src\\stores\\player.ts": {"path":"C:\\Users\\asvav\\OneDrive\\Documents\\www\\pachisi\\src\\stores\\player.ts","statementMap":{"0":{"start":{"line":10,"column":13},"end":{"line":70,"column":null}},"1":{"start":{"line":11,"column":8},"end":{"line":16,"column":null}},"2":{"start":{"line":18,"column":8},"end":{"line":18,"column":null}},"3":{"start":{"line":19,"column":8},"end":{"line":19,"column":null}},"4":{"start":{"line":21,"column":15},"end":{"line":24,"column":null}},"5":{"start":{"line":22,"column":4},"end":{"line":22,"column":null}},"6":{"start":{"line":23,"column":4},"end":{"line":23,"column":null}},"7":{"start":{"line":26,"column":15},"end":{"line":30,"column":null}},"8":{"start":{"line":27,"column":4},"end":{"line":29,"column":null}},"9":{"start":{"line":28,"column":6},"end":{"line":28,"column":null}},"10":{"start":{"line":32,"column":8},"end":{"line":34,"column":null}},"11":{"start":{"line":33,"column":4},"end":{"line":33,"column":null}},"12":{"start":{"line":36,"column":8},"end":{"line":40,"column":null}},"13":{"start":{"line":37,"column":4},"end":{"line":39,"column":null}},"14":{"start":{"line":38,"column":44},"end":{"line":38,"column":84}},"15":{"start":{"line":47,"column":22},"end":{"line":58,"column":null}},"16":{"start":{"line":48,"column":4},"end":{"line":50,"column":null}},"17":{"start":{"line":49,"column":6},"end":{"line":49,"column":null}},"18":{"start":{"line":52,"column":4},"end":{"line":55,"column":null}},"19":{"start":{"line":52,"column":37},"end":{"line":52,"column":50}},"20":{"start":{"line":53,"column":6},"end":{"line":53,"column":null}},"21":{"start":{"line":54,"column":6},"end":{"line":54,"column":null}},"22":{"start":{"line":57,"column":4},"end":{"line":57,"column":null}},"23":{"start":{"line":60,"column":2},"end":{"line":69,"column":null}}},"fnMap":{"0":{"name":"(anonymous_0)","decl":{"start":{"line":10,"column":52},"end":{"line":10,"column":58}},"loc":{"start":{"line":10,"column":58},"end":{"line":70,"column":1}},"line":10},"1":{"name":"(anonymous_1)","decl":{"start":{"line":21,"column":15},"end":{"line":21,"column":16}},"loc":{"start":{"line":21,"column":45},"end":{"line":24,"column":null}},"line":21},"2":{"name":"(anonymous_2)","decl":{"start":{"line":26,"column":15},"end":{"line":26,"column":21}},"loc":{"start":{"line":26,"column":21},"end":{"line":30,"column":null}},"line":26},"3":{"name":"(anonymous_3)","decl":{"start":{"line":32,"column":27},"end":{"line":32,"column":null}},"loc":{"start":{"line":33,"column":4},"end":{"line":33,"column":null}},"line":33},"4":{"name":"(anonymous_4)","decl":{"start":{"line":36,"column":34},"end":{"line":36,"column":null}},"loc":{"start":{"line":37,"column":4},"end":{"line":39,"column":null}},"line":37},"5":{"name":"(anonymous_5)","decl":{"start":{"line":38,"column":34},"end":{"line":38,"column":35}},"loc":{"start":{"line":38,"column":44},"end":{"line":38,"column":84}},"line":38},"6":{"name":"(anonymous_6)","decl":{"start":{"line":47,"column":22},"end":{"line":47,"column":23}},"loc":{"start":{"line":47,"column":42},"end":{"line":58,"column":null}},"line":47},"7":{"name":"(anonymous_7)","decl":{"start":{"line":52,"column":27},"end":{"line":52,"column":28}},"loc":{"start":{"line":52,"column":37},"end":{"line":52,"column":50}},"line":52}},"branchMap":{"0":{"loc":{"start":{"line":22,"column":25},"end":{"line":22,"column":null}},"type":"binary-expr","locations":[{"start":{"line":22,"column":25},"end":{"line":22,"column":39}},{"start":{"line":22,"column":39},"end":{"line":22,"column":null}}],"line":22},"1":{"loc":{"start":{"line":27,"column":4},"end":{"line":29,"column":null}},"type":"if","locations":[{"start":{"line":27,"column":4},"end":{"line":29,"column":null}},{"start":{},"end":{}}],"line":27},"2":{"loc":{"start":{"line":33,"column":4},"end":{"line":33,"column":null}},"type":"cond-expr","locations":[{"start":{"line":33,"column":39},"end":{"line":33,"column":75}},{"start":{"line":33,"column":75},"end":{"line":33,"column":null}}],"line":33},"3":{"loc":{"start":{"line":37,"column":4},"end":{"line":39,"column":null}},"type":"cond-expr","locations":[{"start":{"line":38,"column":8},"end":{"line":38,"column":null}},{"start":{"line":39,"column":8},"end":{"line":39,"column":null}}],"line":37},"4":{"loc":{"start":{"line":48,"column":4},"end":{"line":50,"column":null}},"type":"if","locations":[{"start":{"line":48,"column":4},"end":{"line":50,"column":null}},{"start":{},"end":{}}],"line":48},"5":{"loc":{"start":{"line":52,"column":4},"end":{"line":55,"column":null}},"type":"if","locations":[{"start":{"line":52,"column":4},"end":{"line":55,"column":null}},{"start":{},"end":{}}],"line":52}},"s":{"0":3,"1":119,"2":119,"3":119,"4":119,"5":237,"6":237,"7":119,"8":4,"9":4,"10":119,"11":47,"12":119,"13":5,"14":13,"15":119,"16":11,"17":1,"18":10,"19":28,"20":5,"21":5,"22":5,"23":119},"f":{"0":119,"1":237,"2":4,"3":47,"4":5,"5":13,"6":11,"7":28},"b":{"0":[237,100],"1":[4,0],"2":[45,2],"3":[4,1],"4":[1,10],"5":[5,5]},"meta":{"lastBranch":6,"lastFunction":8,"lastStatement":24,"seen":{"s:10:13:70:Infinity":0,"f:10:52:10:58":0,"s:11:8:16:Infinity":1,"s:18:8:18:Infinity":2,"s:19:8:19:Infinity":3,"s:21:15:24:Infinity":4,"f:21:15:21:16":1,"s:22:4:22:Infinity":5,"b:22:25:22:39:22:39:22:Infinity":0,"s:23:4:23:Infinity":6,"s:26:15:30:Infinity":7,"f:26:15:26:21":2,"b:27:4:29:Infinity:undefined:undefined:undefined:undefined":1,"s:27:4:29:Infinity":8,"s:28:6:28:Infinity":9,"s:32:8:34:Infinity":10,"f:32:27:32:Infinity":3,"s:33:4:33:Infinity":11,"b:33:39:33:75:33:75:33:Infinity":2,"s:36:8:40:Infinity":12,"f:36:34:36:Infinity":4,"s:37:4:39:Infinity":13,"b:38:8:38:Infinity:39:8:39:Infinity":3,"f:38:34:38:35":5,"s:38:44:38:84":14,"s:47:22:58:Infinity":15,"f:47:22:47:23":6,"b:48:4:50:Infinity:undefined:undefined:undefined:undefined":4,"s:48:4:50:Infinity":16,"s:49:6:49:Infinity":17,"b:52:4:55:Infinity:undefined:undefined:undefined:undefined":5,"s:52:4:55:Infinity":18,"f:52:27:52:28":7,"s:52:37:52:50":19,"s:53:6:53:Infinity":20,"s:54:6:54:Infinity":21,"s:57:4:57:Infinity":22,"s:60:2:69:Infinity":23},"fnNames":{}}}
,"C:\\Users\\asvav\\OneDrive\\Documents\\www\\pachisi\\src\\utils\\array.ts": {"path":"C:\\Users\\asvav\\OneDrive\\Documents\\www\\pachisi\\src\\utils\\array.ts","statementMap":{"0":{"start":{"line":1,"column":28},"end":{"line":3,"column":null}},"1":{"start":{"line":2,"column":2},"end":{"line":2,"column":null}},"2":{"start":{"line":4,"column":27},"end":{"line":6,"column":null}},"3":{"start":{"line":5,"column":2},"end":{"line":5,"column":null}}},"fnMap":{"0":{"name":"(anonymous_0)","decl":{"start":{"line":1,"column":28},"end":{"line":1,"column":32}},"loc":{"start":{"line":1,"column":47},"end":{"line":3,"column":null}},"line":1},"1":{"name":"(anonymous_1)","decl":{"start":{"line":4,"column":27},"end":{"line":4,"column":31}},"loc":{"start":{"line":4,"column":46},"end":{"line":6,"column":null}},"line":4}},"branchMap":{},"s":{"0":3,"1":2802,"2":3,"3":802},"f":{"0":2802,"1":802},"b":{},"meta":{"lastBranch":0,"lastFunction":2,"lastStatement":4,"seen":{"s:1:28:3:Infinity":0,"f:1:28:1:32":0,"s:2:2:2:Infinity":1,"s:4:27:6:Infinity":2,"f:4:27:4:31":1,"s:5:2:5:Infinity":3},"fnNames":{}}}
}
